Using pre-set license
Built from '2020.2/staging' branch; Version is '2020.2.7f1 (c53830e277f1) revision 12924976'; Using compiler version '192528614'; Build Type 'Release'
OS: 'Windows 10 Pro; OS build 19042.867; Version 2009; 64bit' Language: 'en' Physical Memory: 8146 MB
BatchMode: 1, IsHumanControllingUs: 0, StartBugReporterOnCrash: 0, Is64bit: 1, IsPro: 0

 COMMAND LINE ARGUMENTS:
C:\Program Files\Unity\2020.2.7f1\Editor\Unity.exe
-adb2
-batchMode
-noUpm
-name
AssetImportWorker0
-projectPath
E:/Workspace/It Never Ends
-logFile
Logs/AssetImportWorker0.log
-srvPort
55992
Successfully changed project path to: E:/Workspace/It Never Ends
E:/Workspace/It Never Ends
Using Asset Import Pipeline V2.
Refreshing native plugins compatible for Editor in 91.42 ms, found 0 plugins.
Preloading 0 native plugins for Editor in 0.00 ms.
Initialize engine version: 2020.2.7f1 (c53830e277f1)
[Subsystems] Discovering subsystems at path C:/Program Files/Unity/2020.2.7f1/Editor/Data/Resources/UnitySubsystems
[Subsystems] Discovering subsystems at path E:/Workspace/It Never Ends/Assets
GfxDevice: creating device client; threaded=0
Direct3D:
    Version:  Direct3D 11.0 [level 11.1]
    Renderer: NVIDIA GeForce RTX 2060 (ID=0x1f08)
    Vendor:   
    VRAM:     5980 MB
    Driver:   27.21.14.6172
Initialize mono
Mono path[0] = 'C:/Program Files/Unity/2020.2.7f1/Editor/Data/Managed'
Mono path[1] = 'C:/Program Files/Unity/2020.2.7f1/Editor/Data/MonoBleedingEdge/lib/mono/unityjit'
Mono config path = 'C:/Program Files/Unity/2020.2.7f1/Editor/Data/MonoBleedingEdge/etc'
Using monoOptions --debugger-agent=transport=dt_socket,embedding=1,server=y,suspend=n,address=127.0.0.1:56340
Begin MonoManager ReloadAssembly
Registering precompiled unity dll's ...
Register platform support module: C:/Program Files/Unity/2020.2.7f1/Editor/Data/PlaybackEngines/WindowsStandaloneSupport/UnityEditor.WindowsStandalone.Extensions.dll
Registered in 0.003929 seconds.
Native extension for WindowsStandalone target not found
Refreshing native plugins compatible for Editor in 84.78 ms, found 0 plugins.
Preloading 0 native plugins for Editor in 0.00 ms.
Invoked RoslynAnalysisRunner static constructor.
RoslynAnalysisRunner will not be running.
RoslynAnalysisRunner has terminated.
Mono: successfully reloaded assembly
- Completed reload, in  2.705 seconds
Platform modules already initialized, skipping
Registering precompiled user dll's ...
Registered in 0.003164 seconds.
Begin MonoManager ReloadAssembly
Native extension for WindowsStandalone target not found
Refreshing native plugins compatible for Editor in 72.11 ms, found 0 plugins.
Preloading 0 native plugins for Editor in 0.00 ms.
Invoked RoslynAnalysisRunner static constructor.
RoslynAnalysisRunner will not be running.
RoslynAnalysisRunner has terminated.
Mono: successfully reloaded assembly
- Completed reload, in  1.399 seconds
Platform modules already initialized, skipping
========================================================================
Worker process is ready to serve import requests
Shader 'Universal Render Pipeline/Particles/Lit': fallback shader 'Universal Render Pipeline/Particles/SimpleLit' not found
Shader 'Universal Render Pipeline/Particles/Lit': fallback shader 'Universal Render Pipeline/Particles/SimpleLit' not found
Launched and connected shader compiler UnityShaderCompiler.exe after 0.25 seconds
Refreshing native plugins compatible for Editor in 0.39 ms, found 0 plugins.
Preloading 0 native plugins for Editor in 0.00 ms.
Unloading 2417 Unused Serialized files (Serialized files now loaded: 0)
System memory in use before: 111.4 MB.
System memory in use after: 109.2 MB.

Unloading 45 unused Assets to reduce memory usage. Loaded Objects now: 2823.
Total: 5.212900 ms (FindLiveObjects: 0.528500 ms CreateObjectMapping: 0.539600 ms MarkObjects: 2.423400 ms  DeleteObjects: 1.719700 ms)

========================================================================
Received Import Request.
  path: Assets/Readme.asset
  artifactKey: Guid(83c2ed844a8c74b779a4c823d16594b1) Importer(815301076,1909f56bfc062723c751e8b465ee728b)
Start importing Assets/Readme.asset using Guid(83c2ed844a8c74b779a4c823d16594b1) Importer(815301076,1909f56bfc062723c751e8b465ee728b)  -> (artifact id: '29bb0c55b42cf9bee30bd87418c39614') in 0.113194 seconds
  Import took 0.141784 seconds .

========================================================================
Received Import Request.
  Time since last request: 42.155212 seconds.
  path: Assets/Scenes
  artifactKey: Guid(5ebf2f0441499104fae18d8ece8dc384) Importer(815301076,1909f56bfc062723c751e8b465ee728b)
Start importing Assets/Scenes using Guid(5ebf2f0441499104fae18d8ece8dc384) Importer(815301076,1909f56bfc062723c751e8b465ee728b)  -> (artifact id: 'a201cdba61bc2aab27039b15ba8fe742') in 0.002932 seconds
  Import took 0.030232 seconds .

========================================================================
Received Import Request.
  Time since last request: 5.712037 seconds.
  path: Assets/Scenes/Test.unity
  artifactKey: Guid(b923c127a29cf534c96455c5f93e37f5) Importer(815301076,1909f56bfc062723c751e8b465ee728b)
Start importing Assets/Scenes/Test.unity using Guid(b923c127a29cf534c96455c5f93e37f5) Importer(815301076,1909f56bfc062723c751e8b465ee728b)  -> (artifact id: '95b43cc8f3030764c155c03012f346d0') in 0.003701 seconds
  Import took 0.010013 seconds .

========================================================================
Received Import Request.
  Time since last request: 163.643219 seconds.
  path: Assets/Materials/Skybox_Mat.mat
  artifactKey: Guid(0ffaa0b7117ba8c47a9d05ae701d4b4d) Importer(815301076,1909f56bfc062723c751e8b465ee728b)
Start importing Assets/Materials/Skybox_Mat.mat using Guid(0ffaa0b7117ba8c47a9d05ae701d4b4d) Importer(815301076,1909f56bfc062723c751e8b465ee728b)  -> (artifact id: '0e61eafab25bc2a0468826fd863e96ee') in 0.319002 seconds
  Import took 0.324184 seconds .

========================================================================
Received Import Request.
  Time since last request: 0.157246 seconds.
  path: Assets/Materials
  artifactKey: Guid(d0234ba368eeec9418390da711bfdad0) Importer(815301076,1909f56bfc062723c751e8b465ee728b)
Start importing Assets/Materials using Guid(d0234ba368eeec9418390da711bfdad0) Importer(815301076,1909f56bfc062723c751e8b465ee728b)  -> (artifact id: '1285d767f1bc963de7f855634a1a17d9') in 0.014644 seconds
  Import took 0.018879 seconds .

========================================================================
Received Import Request.
  Time since last request: 5.083642 seconds.
  path: Assets/Materials/Sun.mat
  artifactKey: Guid(834882172dafa6d4ea7c57ff80edf42e) Importer(815301076,1909f56bfc062723c751e8b465ee728b)
Start importing Assets/Materials/Sun.mat using Guid(834882172dafa6d4ea7c57ff80edf42e) Importer(815301076,1909f56bfc062723c751e8b465ee728b)  -> (artifact id: '5529b59cb23effafa5e7f189006322fb') in 0.021459 seconds
  Import took 0.026950 seconds .

========================================================================
Received Import Request.
  Time since last request: 4.244589 seconds.
  path: Assets/Materials/Moon.mat
  artifactKey: Guid(2c15561d2f466b743a2d7bd686a33a8f) Importer(815301076,1909f56bfc062723c751e8b465ee728b)
Start importing Assets/Materials/Moon.mat using Guid(2c15561d2f466b743a2d7bd686a33a8f) Importer(815301076,1909f56bfc062723c751e8b465ee728b)  -> (artifact id: '7ee6959774f581bfda19587ab639a35a') in 0.012586 seconds
  Import took 0.019458 seconds .

========================================================================
Received Import Request.
  Time since last request: 155.226302 seconds.
  path: Assets/Materials/Ground.mat
  artifactKey: Guid(ae83e426dd410714ba377ddf54f745ee) Importer(815301076,1909f56bfc062723c751e8b465ee728b)
Start importing Assets/Materials/Ground.mat using Guid(ae83e426dd410714ba377ddf54f745ee) Importer(815301076,1909f56bfc062723c751e8b465ee728b)  -> (artifact id: 'a96cd4811a27c5b65f1ab15acec1093f') in 0.016416 seconds
  Import took 0.023338 seconds .

========================================================================
Received Import Request.
  Time since last request: 0.000367 seconds.
  path: Assets/Materials/Sun.mat
  artifactKey: Guid(834882172dafa6d4ea7c57ff80edf42e) Importer(815301076,1909f56bfc062723c751e8b465ee728b)
Start importing Assets/Materials/Sun.mat using Guid(834882172dafa6d4ea7c57ff80edf42e) Importer(815301076,1909f56bfc062723c751e8b465ee728b)  -> (artifact id: '34cb4e82a2a1f416aebd1a84835aa085') in 0.014716 seconds
  Import took 0.022884 seconds .

========================================================================
Received Import Request.
  Time since last request: 0.000297 seconds.
  path: Assets/Materials/Moon.mat
  artifactKey: Guid(2c15561d2f466b743a2d7bd686a33a8f) Importer(815301076,1909f56bfc062723c751e8b465ee728b)
Start importing Assets/Materials/Moon.mat using Guid(2c15561d2f466b743a2d7bd686a33a8f) Importer(815301076,1909f56bfc062723c751e8b465ee728b)  -> (artifact id: '27e6f2b6cc0ced3fca21d2beaa950cf8') in 0.052533 seconds
  Import took 0.082561 seconds .

========================================================================
Received Import Request.
  Time since last request: 107.085678 seconds.
  path: Assets/Materials/Player.mat
  artifactKey: Guid(3d5d1088cfcf21f4ead6cff37470e644) Importer(815301076,1909f56bfc062723c751e8b465ee728b)
Start importing Assets/Materials/Player.mat using Guid(3d5d1088cfcf21f4ead6cff37470e644) Importer(815301076,1909f56bfc062723c751e8b465ee728b)  -> (artifact id: 'ac89eb544d33fe07fb2c39d4edaff66a') in 0.017004 seconds
  Import took 0.033246 seconds .

========================================================================
Received Import Request.
  Time since last request: 137.504235 seconds.
  path: ProjectSettings/TagManager.asset
  artifactKey: Guid(00000000000000003000000000000000) Importer(815301076,1909f56bfc062723c751e8b465ee728b)
Start importing ProjectSettings/TagManager.asset using Guid(00000000000000003000000000000000) Importer(815301076,1909f56bfc062723c751e8b465ee728b)  -> (artifact id: 'c7e8c8b1af9793062f3a676f7cd1b544') in 0.004689 seconds
  Import took 0.011665 seconds .

========================================================================
Received Import Request.
  Time since last request: 130.517936 seconds.
  path: Assets/Scripts/SimpleCameraController.cs
  artifactKey: Guid(be76e5f14cfee674cb30b491fb72b09b) Importer(815301076,1909f56bfc062723c751e8b465ee728b)
Start importing Assets/Scripts/SimpleCameraController.cs using Guid(be76e5f14cfee674cb30b491fb72b09b) Importer(815301076,1909f56bfc062723c751e8b465ee728b)  -> (artifact id: '5714ff8672c7253c28595b992cdf320d') in 0.013226 seconds
  Import took 0.034430 seconds .

========================================================================
Received Import Request.
  Time since last request: 4.926273 seconds.
  path: Assets/Scripts
  artifactKey: Guid(02a3527b6b33a924e8ec66aa805ea717) Importer(815301076,1909f56bfc062723c751e8b465ee728b)
Start importing Assets/Scripts using Guid(02a3527b6b33a924e8ec66aa805ea717) Importer(815301076,1909f56bfc062723c751e8b465ee728b)  -> (artifact id: '587525caa5c968eb500583c6c87fd323') in 0.004416 seconds
  Import took 0.016420 seconds .

========================================================================
Received Import Request.
  Time since last request: 17.302020 seconds.
  path: Assets/Scripts/DayNightCycle.cs
  artifactKey: Guid(a4e71dbccaf028549abbc3c26a4ba152) Importer(815301076,1909f56bfc062723c751e8b465ee728b)
Start importing Assets/Scripts/DayNightCycle.cs using Guid(a4e71dbccaf028549abbc3c26a4ba152) Importer(815301076,1909f56bfc062723c751e8b465ee728b)  -> (artifact id: '27ed58ce63942ee5db8eed695bb17ef6') in 0.004038 seconds
  Import took 0.008910 seconds .

========================================================================
Received Prepare
Registering precompiled user dll's ...
Registered in 0.002480 seconds.
Begin MonoManager ReloadAssembly
Native extension for WindowsStandalone target not found
Refreshing native plugins compatible for Editor in 0.41 ms, found 0 plugins.
Preloading 0 native plugins for Editor in 0.00 ms.
Invoked RoslynAnalysisRunner static constructor.
RoslynAnalysisRunner will not be running.
RoslynAnalysisRunner has terminated.
Mono: successfully reloaded assembly
- Completed reload, in  1.399 seconds
Platform modules already initialized, skipping
Shader 'Universal Render Pipeline/Particles/Lit': fallback shader 'Universal Render Pipeline/Particles/SimpleLit' not found
Shader 'Universal Render Pipeline/Particles/Lit': fallback shader 'Universal Render Pipeline/Particles/SimpleLit' not found
Refreshing native plugins compatible for Editor in 0.36 ms, found 0 plugins.
Preloading 0 native plugins for Editor in 0.00 ms.
Unloading 2343 Unused Serialized files (Serialized files now loaded: 0)
System memory in use before: 113.8 MB.
System memory in use after: 111.6 MB.

Unloading 41 unused Assets to reduce memory usage. Loaded Objects now: 2905.
Total: 3.419800 ms (FindLiveObjects: 0.273800 ms CreateObjectMapping: 0.133100 ms MarkObjects: 1.775700 ms  DeleteObjects: 1.235400 ms)

========================================================================
Received Import Request.
  Time since last request: 112.818044 seconds.
  path: Assets/Scripts/DayNightCycle.cs
  artifactKey: Guid(a4e71dbccaf028549abbc3c26a4ba152) Importer(815301076,1909f56bfc062723c751e8b465ee728b)
Start importing Assets/Scripts/DayNightCycle.cs using Guid(a4e71dbccaf028549abbc3c26a4ba152) Importer(815301076,1909f56bfc062723c751e8b465ee728b)  -> (artifact id: '3c5b6479d77143fbb82ce0573fa03762') in 0.011406 seconds
  Import took 0.038925 seconds .

========================================================================
Received Import Request.
  Time since last request: 0.233415 seconds.
  path: Assets/Scripts/DayNightCycle.cs
  artifactKey: Guid(a4e71dbccaf028549abbc3c26a4ba152) Importer(815301076,1909f56bfc062723c751e8b465ee728b)
Start importing Assets/Scripts/DayNightCycle.cs using Guid(a4e71dbccaf028549abbc3c26a4ba152) Importer(815301076,1909f56bfc062723c751e8b465ee728b)  -> (artifact id: '3c5b6479d77143fbb82ce0573fa03762') in 0.003573 seconds
  Import took 0.018408 seconds .

========================================================================
Received Prepare
Registering precompiled user dll's ...
Registered in 0.001736 seconds.
Begin MonoManager ReloadAssembly
Native extension for WindowsStandalone target not found
Refreshing native plugins compatible for Editor in 0.39 ms, found 0 plugins.
Preloading 0 native plugins for Editor in 0.00 ms.
Invoked RoslynAnalysisRunner static constructor.
RoslynAnalysisRunner will not be running.
RoslynAnalysisRunner has terminated.
Mono: successfully reloaded assembly
- Completed reload, in  1.060 seconds
Platform modules already initialized, skipping
Shader 'Universal Render Pipeline/Particles/Lit': fallback shader 'Universal Render Pipeline/Particles/SimpleLit' not found
Shader 'Universal Render Pipeline/Particles/Lit': fallback shader 'Universal Render Pipeline/Particles/SimpleLit' not found
Refreshing native plugins compatible for Editor in 0.37 ms, found 0 plugins.
Preloading 0 native plugins for Editor in 0.00 ms.
Unloading 2343 Unused Serialized files (Serialized files now loaded: 0)
System memory in use before: 113.8 MB.
System memory in use after: 111.6 MB.

Unloading 40 unused Assets to reduce memory usage. Loaded Objects now: 2908.
Total: 4.376500 ms (FindLiveObjects: 0.384200 ms CreateObjectMapping: 0.164200 ms MarkObjects: 2.037800 ms  DeleteObjects: 1.787900 ms)

========================================================================
Received Prepare
Registering precompiled user dll's ...
Registered in 0.002753 seconds.
Begin MonoManager ReloadAssembly
Native extension for WindowsStandalone target not found
Refreshing native plugins compatible for Editor in 0.41 ms, found 0 plugins.
Preloading 0 native plugins for Editor in 0.00 ms.
Invoked RoslynAnalysisRunner static constructor.
RoslynAnalysisRunner will not be running.
RoslynAnalysisRunner has terminated.
Mono: successfully reloaded assembly
- Completed reload, in  1.127 seconds
Platform modules already initialized, skipping
Shader 'Universal Render Pipeline/Particles/Lit': fallback shader 'Universal Render Pipeline/Particles/SimpleLit' not found
Shader 'Universal Render Pipeline/Particles/Lit': fallback shader 'Universal Render Pipeline/Particles/SimpleLit' not found
Refreshing native plugins compatible for Editor in 0.37 ms, found 0 plugins.
Preloading 0 native plugins for Editor in 0.00 ms.
Unloading 2343 Unused Serialized files (Serialized files now loaded: 0)
System memory in use before: 113.9 MB.
System memory in use after: 111.7 MB.

Unloading 40 unused Assets to reduce memory usage. Loaded Objects now: 2911.
Total: 3.719300 ms (FindLiveObjects: 0.331900 ms CreateObjectMapping: 0.149800 ms MarkObjects: 1.885700 ms  DeleteObjects: 1.350300 ms)

========================================================================
Received Prepare
Registering precompiled user dll's ...
Registered in 0.002796 seconds.
Begin MonoManager ReloadAssembly
Native extension for WindowsStandalone target not found
Refreshing native plugins compatible for Editor in 0.61 ms, found 0 plugins.
Preloading 0 native plugins for Editor in 0.00 ms.
Invoked RoslynAnalysisRunner static constructor.
RoslynAnalysisRunner will not be running.
RoslynAnalysisRunner has terminated.
Mono: successfully reloaded assembly
- Completed reload, in  0.965 seconds
Platform modules already initialized, skipping
Shader 'Universal Render Pipeline/Particles/Lit': fallback shader 'Universal Render Pipeline/Particles/SimpleLit' not found
Shader 'Universal Render Pipeline/Particles/Lit': fallback shader 'Universal Render Pipeline/Particles/SimpleLit' not found
Refreshing native plugins compatible for Editor in 0.37 ms, found 0 plugins.
Preloading 0 native plugins for Editor in 0.00 ms.
Unloading 2343 Unused Serialized files (Serialized files now loaded: 0)
System memory in use before: 113.9 MB.
System memory in use after: 111.7 MB.

Unloading 40 unused Assets to reduce memory usage. Loaded Objects now: 2914.
Total: 3.542600 ms (FindLiveObjects: 0.291900 ms CreateObjectMapping: 0.100300 ms MarkObjects: 1.772000 ms  DeleteObjects: 1.375800 ms)

========================================================================
Received Import Request.
  Time since last request: 282.443858 seconds.
  path: Assets/Scripts/New Lighting Settings.lighting
  artifactKey: Guid(28e6979fa3985d44abed3e1c2406a781) Importer(815301076,1909f56bfc062723c751e8b465ee728b)
Start importing Assets/Scripts/New Lighting Settings.lighting using Guid(28e6979fa3985d44abed3e1c2406a781) Importer(815301076,1909f56bfc062723c751e8b465ee728b)  -> (artifact id: '07423b7cce1492652ed51f2abafc5f25') in 0.028204 seconds
  Import took 0.034716 seconds .

========================================================================
Received Prepare
Registering precompiled user dll's ...
Registered in 0.001646 seconds.
Begin MonoManager ReloadAssembly
Native extension for WindowsStandalone target not found
Refreshing native plugins compatible for Editor in 0.40 ms, found 0 plugins.
Preloading 0 native plugins for Editor in 0.00 ms.
Invoked RoslynAnalysisRunner static constructor.
RoslynAnalysisRunner will not be running.
RoslynAnalysisRunner has terminated.
Mono: successfully reloaded assembly
- Completed reload, in  0.958 seconds
Platform modules already initialized, skipping
Shader 'Universal Render Pipeline/Particles/Lit': fallback shader 'Universal Render Pipeline/Particles/SimpleLit' not found
Shader 'Universal Render Pipeline/Particles/Lit': fallback shader 'Universal Render Pipeline/Particles/SimpleLit' not found
Refreshing native plugins compatible for Editor in 0.69 ms, found 0 plugins.
Preloading 0 native plugins for Editor in 0.00 ms.
Unloading 2343 Unused Serialized files (Serialized files now loaded: 0)
System memory in use before: 113.8 MB.
System memory in use after: 111.6 MB.

Unloading 40 unused Assets to reduce memory usage. Loaded Objects now: 2917.
Total: 3.543600 ms (FindLiveObjects: 0.246300 ms CreateObjectMapping: 0.145100 ms MarkObjects: 1.650300 ms  DeleteObjects: 1.500300 ms)

========================================================================
Received Prepare
Registering precompiled user dll's ...
Registered in 0.002569 seconds.
Begin MonoManager ReloadAssembly
Native extension for WindowsStandalone target not found
Refreshing native plugins compatible for Editor in 0.53 ms, found 0 plugins.
Preloading 0 native plugins for Editor in 0.00 ms.
Invoked RoslynAnalysisRunner static constructor.
RoslynAnalysisRunner will not be running.
RoslynAnalysisRunner has terminated.
Mono: successfully reloaded assembly
- Completed reload, in  1.001 seconds
Platform modules already initialized, skipping
Shader 'Universal Render Pipeline/Particles/Lit': fallback shader 'Universal Render Pipeline/Particles/SimpleLit' not found
Shader 'Universal Render Pipeline/Particles/Lit': fallback shader 'Universal Render Pipeline/Particles/SimpleLit' not found
Refreshing native plugins compatible for Editor in 0.37 ms, found 0 plugins.
Preloading 0 native plugins for Editor in 0.00 ms.
Unloading 2343 Unused Serialized files (Serialized files now loaded: 0)
System memory in use before: 113.9 MB.
System memory in use after: 111.7 MB.

Unloading 40 unused Assets to reduce memory usage. Loaded Objects now: 2920.
Total: 3.729400 ms (FindLiveObjects: 0.357500 ms CreateObjectMapping: 0.133500 ms MarkObjects: 1.798000 ms  DeleteObjects: 1.438300 ms)

========================================================================
Received Prepare
Registering precompiled user dll's ...
Registered in 0.002319 seconds.
Begin MonoManager ReloadAssembly
Native extension for WindowsStandalone target not found
Refreshing native plugins compatible for Editor in 0.45 ms, found 0 plugins.
Preloading 0 native plugins for Editor in 0.00 ms.
Invoked RoslynAnalysisRunner static constructor.
RoslynAnalysisRunner will not be running.
RoslynAnalysisRunner has terminated.
Mono: successfully reloaded assembly
- Completed reload, in  1.105 seconds
Platform modules already initialized, skipping
Shader 'Universal Render Pipeline/Particles/Lit': fallback shader 'Universal Render Pipeline/Particles/SimpleLit' not found
Shader 'Universal Render Pipeline/Particles/Lit': fallback shader 'Universal Render Pipeline/Particles/SimpleLit' not found
Refreshing native plugins compatible for Editor in 0.39 ms, found 0 plugins.
Preloading 0 native plugins for Editor in 0.00 ms.
Unloading 2343 Unused Serialized files (Serialized files now loaded: 0)
System memory in use before: 113.9 MB.
System memory in use after: 111.7 MB.

Unloading 40 unused Assets to reduce memory usage. Loaded Objects now: 2923.
Total: 3.832600 ms (FindLiveObjects: 0.369100 ms CreateObjectMapping: 0.183600 ms MarkObjects: 1.821500 ms  DeleteObjects: 1.456700 ms)

========================================================================
Received Prepare
Registering precompiled user dll's ...
Registered in 0.001798 seconds.
Begin MonoManager ReloadAssembly
Native extension for WindowsStandalone target not found
Refreshing native plugins compatible for Editor in 0.37 ms, found 0 plugins.
Preloading 0 native plugins for Editor in 0.00 ms.
Invoked RoslynAnalysisRunner static constructor.
RoslynAnalysisRunner will not be running.
RoslynAnalysisRunner has terminated.
Mono: successfully reloaded assembly
- Completed reload, in  0.982 seconds
Platform modules already initialized, skipping
Shader 'Universal Render Pipeline/Particles/Lit': fallback shader 'Universal Render Pipeline/Particles/SimpleLit' not found
Shader 'Universal Render Pipeline/Particles/Lit': fallback shader 'Universal Render Pipeline/Particles/SimpleLit' not found
Refreshing native plugins compatible for Editor in 0.72 ms, found 0 plugins.
Preloading 0 native plugins for Editor in 0.00 ms.
Unloading 2343 Unused Serialized files (Serialized files now loaded: 0)
System memory in use before: 113.9 MB.
System memory in use after: 111.7 MB.

Unloading 40 unused Assets to reduce memory usage. Loaded Objects now: 2926.
Total: 4.495500 ms (FindLiveObjects: 0.442500 ms CreateObjectMapping: 0.197000 ms MarkObjects: 2.128500 ms  DeleteObjects: 1.725900 ms)

========================================================================
Received Prepare
Registering precompiled user dll's ...
Registered in 0.001767 seconds.
Begin MonoManager ReloadAssembly
Native extension for WindowsStandalone target not found
Refreshing native plugins compatible for Editor in 0.69 ms, found 0 plugins.
Preloading 0 native plugins for Editor in 0.00 ms.
Invoked RoslynAnalysisRunner static constructor.
RoslynAnalysisRunner will not be running.
RoslynAnalysisRunner has terminated.
Mono: successfully reloaded assembly
- Completed reload, in  1.172 seconds
Platform modules already initialized, skipping
Shader 'Universal Render Pipeline/Particles/Lit': fallback shader 'Universal Render Pipeline/Particles/SimpleLit' not found
Shader 'Universal Render Pipeline/Particles/Lit': fallback shader 'Universal Render Pipeline/Particles/SimpleLit' not found
Refreshing native plugins compatible for Editor in 0.60 ms, found 0 plugins.
Preloading 0 native plugins for Editor in 0.00 ms.
Unloading 2343 Unused Serialized files (Serialized files now loaded: 0)
System memory in use before: 113.9 MB.
System memory in use after: 111.7 MB.

Unloading 40 unused Assets to reduce memory usage. Loaded Objects now: 2929.
Total: 4.540000 ms (FindLiveObjects: 0.426800 ms CreateObjectMapping: 0.225200 ms MarkObjects: 1.854700 ms  DeleteObjects: 2.031500 ms)

========================================================================
Received Prepare
Registering precompiled user dll's ...
Registered in 0.001593 seconds.
Begin MonoManager ReloadAssembly
Native extension for WindowsStandalone target not found
Refreshing native plugins compatible for Editor in 0.42 ms, found 0 plugins.
Preloading 0 native plugins for Editor in 0.00 ms.
Invoked RoslynAnalysisRunner static constructor.
RoslynAnalysisRunner will not be running.
RoslynAnalysisRunner has terminated.
Mono: successfully reloaded assembly
- Completed reload, in  1.097 seconds
Platform modules already initialized, skipping
Shader 'Universal Render Pipeline/Particles/Lit': fallback shader 'Universal Render Pipeline/Particles/SimpleLit' not found
Shader 'Universal Render Pipeline/Particles/Lit': fallback shader 'Universal Render Pipeline/Particles/SimpleLit' not found
Refreshing native plugins compatible for Editor in 0.64 ms, found 0 plugins.
Preloading 0 native plugins for Editor in 0.00 ms.
Unloading 2343 Unused Serialized files (Serialized files now loaded: 0)
System memory in use before: 113.9 MB.
System memory in use after: 111.6 MB.

Unloading 40 unused Assets to reduce memory usage. Loaded Objects now: 2932.
Total: 3.692000 ms (FindLiveObjects: 0.396900 ms CreateObjectMapping: 0.115000 ms MarkObjects: 1.707900 ms  DeleteObjects: 1.470200 ms)

========================================================================
Received Prepare
Registering precompiled user dll's ...
Registered in 0.001657 seconds.
Begin MonoManager ReloadAssembly
Native extension for WindowsStandalone target not found
Refreshing native plugins compatible for Editor in 0.61 ms, found 0 plugins.
Preloading 0 native plugins for Editor in 0.00 ms.
Invoked RoslynAnalysisRunner static constructor.
RoslynAnalysisRunner will not be running.
RoslynAnalysisRunner has terminated.
Mono: successfully reloaded assembly
- Completed reload, in  1.096 seconds
Platform modules already initialized, skipping
Shader 'Universal Render Pipeline/Particles/Lit': fallback shader 'Universal Render Pipeline/Particles/SimpleLit' not found
Shader 'Universal Render Pipeline/Particles/Lit': fallback shader 'Universal Render Pipeline/Particles/SimpleLit' not found
Refreshing native plugins compatible for Editor in 0.41 ms, found 0 plugins.
Preloading 0 native plugins for Editor in 0.00 ms.
Unloading 2343 Unused Serialized files (Serialized files now loaded: 0)
System memory in use before: 113.9 MB.
System memory in use after: 111.7 MB.

Unloading 40 unused Assets to reduce memory usage. Loaded Objects now: 2935.
Total: 5.179600 ms (FindLiveObjects: 0.328800 ms CreateObjectMapping: 0.169800 ms MarkObjects: 2.700000 ms  DeleteObjects: 1.979500 ms)

========================================================================
Received Prepare
Registering precompiled user dll's ...
Registered in 0.001621 seconds.
Begin MonoManager ReloadAssembly
Native extension for WindowsStandalone target not found
Refreshing native plugins compatible for Editor in 0.73 ms, found 0 plugins.
Preloading 0 native plugins for Editor in 0.00 ms.
Invoked RoslynAnalysisRunner static constructor.
RoslynAnalysisRunner will not be running.
RoslynAnalysisRunner has terminated.
Mono: successfully reloaded assembly
- Completed reload, in  1.050 seconds
Platform modules already initialized, skipping
Shader 'Universal Render Pipeline/Particles/Lit': fallback shader 'Universal Render Pipeline/Particles/SimpleLit' not found
Shader 'Universal Render Pipeline/Particles/Lit': fallback shader 'Universal Render Pipeline/Particles/SimpleLit' not found
Refreshing native plugins compatible for Editor in 0.69 ms, found 0 plugins.
Preloading 0 native plugins for Editor in 0.00 ms.
Unloading 2343 Unused Serialized files (Serialized files now loaded: 0)
System memory in use before: 114.0 MB.
System memory in use after: 111.7 MB.

Unloading 40 unused Assets to reduce memory usage. Loaded Objects now: 2938.
Total: 3.811100 ms (FindLiveObjects: 0.404300 ms CreateObjectMapping: 0.146900 ms MarkObjects: 1.822900 ms  DeleteObjects: 1.435500 ms)

========================================================================
Received Prepare
Registering precompiled user dll's ...
Registered in 0.001870 seconds.
Begin MonoManager ReloadAssembly
Native extension for WindowsStandalone target not found
Refreshing native plugins compatible for Editor in 0.38 ms, found 0 plugins.
Preloading 0 native plugins for Editor in 0.00 ms.
Invoked RoslynAnalysisRunner static constructor.
RoslynAnalysisRunner will not be running.
RoslynAnalysisRunner has terminated.
Mono: successfully reloaded assembly
- Completed reload, in  1.102 seconds
Platform modules already initialized, skipping
Shader 'Universal Render Pipeline/Particles/Lit': fallback shader 'Universal Render Pipeline/Particles/SimpleLit' not found
Shader 'Universal Render Pipeline/Particles/Lit': fallback shader 'Universal Render Pipeline/Particles/SimpleLit' not found
Refreshing native plugins compatible for Editor in 0.41 ms, found 0 plugins.
Preloading 0 native plugins for Editor in 0.00 ms.
Unloading 2343 Unused Serialized files (Serialized files now loaded: 0)
System memory in use before: 114.0 MB.
System memory in use after: 111.8 MB.

Unloading 40 unused Assets to reduce memory usage. Loaded Objects now: 2941.
Total: 3.915300 ms (FindLiveObjects: 0.400400 ms CreateObjectMapping: 0.198500 ms MarkObjects: 1.818100 ms  DeleteObjects: 1.496900 ms)

========================================================================
Received Prepare
Registering precompiled user dll's ...
Registered in 0.002228 seconds.
Begin MonoManager ReloadAssembly
Native extension for WindowsStandalone target not found
Refreshing native plugins compatible for Editor in 0.37 ms, found 0 plugins.
Preloading 0 native plugins for Editor in 0.00 ms.
Invoked RoslynAnalysisRunner static constructor.
RoslynAnalysisRunner will not be running.
RoslynAnalysisRunner has terminated.
Mono: successfully reloaded assembly
- Completed reload, in  0.994 seconds
Platform modules already initialized, skipping
Shader 'Universal Render Pipeline/Particles/Lit': fallback shader 'Universal Render Pipeline/Particles/SimpleLit' not found
Shader 'Universal Render Pipeline/Particles/Lit': fallback shader 'Universal Render Pipeline/Particles/SimpleLit' not found
Refreshing native plugins compatible for Editor in 0.37 ms, found 0 plugins.
Preloading 0 native plugins for Editor in 0.00 ms.
Unloading 2343 Unused Serialized files (Serialized files now loaded: 0)
System memory in use before: 114.0 MB.
System memory in use after: 111.8 MB.

Unloading 40 unused Assets to reduce memory usage. Loaded Objects now: 2944.
Total: 4.151000 ms (FindLiveObjects: 0.361900 ms CreateObjectMapping: 0.139200 ms MarkObjects: 2.187300 ms  DeleteObjects: 1.460700 ms)

========================================================================
Received Prepare
Registering precompiled user dll's ...
Registered in 0.001739 seconds.
Begin MonoManager ReloadAssembly
Native extension for WindowsStandalone target not found
Refreshing native plugins compatible for Editor in 0.48 ms, found 0 plugins.
Preloading 0 native plugins for Editor in 0.00 ms.
Invoked RoslynAnalysisRunner static constructor.
RoslynAnalysisRunner will not be running.
RoslynAnalysisRunner has terminated.
Mono: successfully reloaded assembly
- Completed reload, in  1.041 seconds
Platform modules already initialized, skipping
Shader 'Universal Render Pipeline/Particles/Lit': fallback shader 'Universal Render Pipeline/Particles/SimpleLit' not found
Shader 'Universal Render Pipeline/Particles/Lit': fallback shader 'Universal Render Pipeline/Particles/SimpleLit' not found
Refreshing native plugins compatible for Editor in 0.59 ms, found 0 plugins.
Preloading 0 native plugins for Editor in 0.00 ms.
Unloading 2343 Unused Serialized files (Serialized files now loaded: 0)
System memory in use before: 113.9 MB.
System memory in use after: 111.7 MB.

Unloading 40 unused Assets to reduce memory usage. Loaded Objects now: 2947.
Total: 3.714100 ms (FindLiveObjects: 0.273200 ms CreateObjectMapping: 0.117600 ms MarkObjects: 1.899200 ms  DeleteObjects: 1.422900 ms)

========================================================================
Received Prepare
Registering precompiled user dll's ...
Registered in 0.002306 seconds.
Begin MonoManager ReloadAssembly
Native extension for WindowsStandalone target not found
Refreshing native plugins compatible for Editor in 0.64 ms, found 0 plugins.
Preloading 0 native plugins for Editor in 0.00 ms.
Invoked RoslynAnalysisRunner static constructor.
RoslynAnalysisRunner will not be running.
RoslynAnalysisRunner has terminated.
Mono: successfully reloaded assembly
- Completed reload, in  1.043 seconds
Platform modules already initialized, skipping
Shader 'Universal Render Pipeline/Particles/Lit': fallback shader 'Universal Render Pipeline/Particles/SimpleLit' not found
Shader 'Universal Render Pipeline/Particles/Lit': fallback shader 'Universal Render Pipeline/Particles/SimpleLit' not found
Refreshing native plugins compatible for Editor in 0.62 ms, found 0 plugins.
Preloading 0 native plugins for Editor in 0.00 ms.
Unloading 2343 Unused Serialized files (Serialized files now loaded: 0)
System memory in use before: 114.0 MB.
System memory in use after: 111.8 MB.

Unloading 40 unused Assets to reduce memory usage. Loaded Objects now: 2950.
Total: 4.412400 ms (FindLiveObjects: 0.477500 ms CreateObjectMapping: 0.239400 ms MarkObjects: 2.247700 ms  DeleteObjects: 1.446300 ms)

========================================================================
Received Prepare
Registering precompiled user dll's ...
Registered in 0.004239 seconds.
Begin MonoManager ReloadAssembly
Native extension for WindowsStandalone target not found
Refreshing native plugins compatible for Editor in 0.37 ms, found 0 plugins.
Preloading 0 native plugins for Editor in 0.00 ms.
Invoked RoslynAnalysisRunner static constructor.
RoslynAnalysisRunner will not be running.
RoslynAnalysisRunner has terminated.
Mono: successfully reloaded assembly
- Completed reload, in  1.190 seconds
Platform modules already initialized, skipping
Shader 'Universal Render Pipeline/Particles/Lit': fallback shader 'Universal Render Pipeline/Particles/SimpleLit' not found
Shader 'Universal Render Pipeline/Particles/Lit': fallback shader 'Universal Render Pipeline/Particles/SimpleLit' not found
Refreshing native plugins compatible for Editor in 0.61 ms, found 0 plugins.
Preloading 0 native plugins for Editor in 0.00 ms.
Unloading 2343 Unused Serialized files (Serialized files now loaded: 0)
System memory in use before: 114.0 MB.
System memory in use after: 111.8 MB.

Unloading 40 unused Assets to reduce memory usage. Loaded Objects now: 2953.
Total: 5.637900 ms (FindLiveObjects: 0.441500 ms CreateObjectMapping: 0.490300 ms MarkObjects: 2.759200 ms  DeleteObjects: 1.944900 ms)

========================================================================
Received Prepare
Registering precompiled user dll's ...
Registered in 0.001623 seconds.
Begin MonoManager ReloadAssembly
Native extension for WindowsStandalone target not found
Refreshing native plugins compatible for Editor in 0.38 ms, found 0 plugins.
Preloading 0 native plugins for Editor in 0.00 ms.
Invoked RoslynAnalysisRunner static constructor.
RoslynAnalysisRunner will not be running.
RoslynAnalysisRunner has terminated.
Mono: successfully reloaded assembly
- Completed reload, in  1.066 seconds
Platform modules already initialized, skipping
Shader 'Universal Render Pipeline/Particles/Lit': fallback shader 'Universal Render Pipeline/Particles/SimpleLit' not found
Shader 'Universal Render Pipeline/Particles/Lit': fallback shader 'Universal Render Pipeline/Particles/SimpleLit' not found
Refreshing native plugins compatible for Editor in 0.39 ms, found 0 plugins.
Preloading 0 native plugins for Editor in 0.00 ms.
Unloading 2343 Unused Serialized files (Serialized files now loaded: 0)
System memory in use before: 114.0 MB.
System memory in use after: 111.8 MB.

Unloading 40 unused Assets to reduce memory usage. Loaded Objects now: 2956.
Total: 3.702200 ms (FindLiveObjects: 0.298500 ms CreateObjectMapping: 0.136200 ms MarkObjects: 1.759800 ms  DeleteObjects: 1.506400 ms)

========================================================================
Received Prepare
Registering precompiled user dll's ...
Registered in 0.001615 seconds.
Begin MonoManager ReloadAssembly
Native extension for WindowsStandalone target not found
Refreshing native plugins compatible for Editor in 0.38 ms, found 0 plugins.
Preloading 0 native plugins for Editor in 0.00 ms.
Invoked RoslynAnalysisRunner static constructor.
RoslynAnalysisRunner will not be running.
RoslynAnalysisRunner has terminated.
Mono: successfully reloaded assembly
- Completed reload, in  1.231 seconds
Platform modules already initialized, skipping
Shader 'Universal Render Pipeline/Particles/Lit': fallback shader 'Universal Render Pipeline/Particles/SimpleLit' not found
Shader 'Universal Render Pipeline/Particles/Lit': fallback shader 'Universal Render Pipeline/Particles/SimpleLit' not found
Refreshing native plugins compatible for Editor in 0.37 ms, found 0 plugins.
Preloading 0 native plugins for Editor in 0.00 ms.
Unloading 2343 Unused Serialized files (Serialized files now loaded: 0)
System memory in use before: 114.0 MB.
System memory in use after: 111.8 MB.

Unloading 40 unused Assets to reduce memory usage. Loaded Objects now: 2959.
Total: 3.943500 ms (FindLiveObjects: 0.279200 ms CreateObjectMapping: 0.152600 ms MarkObjects: 1.828800 ms  DeleteObjects: 1.681000 ms)

========================================================================
Received Import Request.
  Time since last request: 2233.618862 seconds.
  path: Assets
  artifactKey: Guid(00000000000000001000000000000000) Importer(815301076,1909f56bfc062723c751e8b465ee728b)
Start importing Assets using Guid(00000000000000001000000000000000) Importer(815301076,1909f56bfc062723c751e8b465ee728b)  -> (artifact id: 'f89434ac489deb914593f829e0a47671') in 0.006849 seconds
  Import took 0.037961 seconds .

========================================================================
Received Import Request.
  Time since last request: 2.698918 seconds.
  path: Assets/New Folder
  artifactKey: Guid(a44d1d9aac6392642abf7f194c406ef9) Importer(815301076,1909f56bfc062723c751e8b465ee728b)
Start importing Assets/New Folder using Guid(a44d1d9aac6392642abf7f194c406ef9) Importer(815301076,1909f56bfc062723c751e8b465ee728b)  -> (artifact id: 'f0034506c36cf9f8923f01ab4eb1c0d1') in 0.002941 seconds
  Import took 0.026278 seconds .

========================================================================
Received Import Request.
  Time since last request: 4.687458 seconds.
  path: Assets/Animations
  artifactKey: Guid(a44d1d9aac6392642abf7f194c406ef9) Importer(815301076,1909f56bfc062723c751e8b465ee728b)
Start importing Assets/Animations using Guid(a44d1d9aac6392642abf7f194c406ef9) Importer(815301076,1909f56bfc062723c751e8b465ee728b)  -> (artifact id: '2b33633399a9abf43419c32a28f870e2') in 0.003355 seconds
  Import took 0.025412 seconds .

========================================================================
Received Import Request.
  Time since last request: 0.001601 seconds.
  path: Assets/Animations
  artifactKey: Guid(a44d1d9aac6392642abf7f194c406ef9) Importer(815301076,1909f56bfc062723c751e8b465ee728b)
Start importing Assets/Animations using Guid(a44d1d9aac6392642abf7f194c406ef9) Importer(815301076,1909f56bfc062723c751e8b465ee728b)  -> (artifact id: '2b33633399a9abf43419c32a28f870e2') in 0.003287 seconds
  Import took 0.009630 seconds .

========================================================================
Received Prepare
Registering precompiled user dll's ...
Registered in 0.003035 seconds.
Begin MonoManager ReloadAssembly
Native extension for WindowsStandalone target not found
Refreshing native plugins compatible for Editor in 0.46 ms, found 0 plugins.
Preloading 0 native plugins for Editor in 0.00 ms.
Invoked RoslynAnalysisRunner static constructor.
RoslynAnalysisRunner will not be running.
RoslynAnalysisRunner has terminated.
Mono: successfully reloaded assembly
- Completed reload, in  1.037 seconds
Platform modules already initialized, skipping
Shader 'Universal Render Pipeline/Particles/Lit': fallback shader 'Universal Render Pipeline/Particles/SimpleLit' not found
Shader 'Universal Render Pipeline/Particles/Lit': fallback shader 'Universal Render Pipeline/Particles/SimpleLit' not found
Refreshing native plugins compatible for Editor in 0.37 ms, found 0 plugins.
Preloading 0 native plugins for Editor in 0.00 ms.
Unloading 2343 Unused Serialized files (Serialized files now loaded: 0)
System memory in use before: 113.9 MB.
System memory in use after: 111.7 MB.

Unloading 40 unused Assets to reduce memory usage. Loaded Objects now: 2962.
Total: 3.959200 ms (FindLiveObjects: 0.296700 ms CreateObjectMapping: 0.167600 ms MarkObjects: 2.070000 ms  DeleteObjects: 1.423200 ms)

========================================================================
Received Prepare
Registering precompiled user dll's ...
Registered in 0.002385 seconds.
Begin MonoManager ReloadAssembly
Native extension for WindowsStandalone target not found
Refreshing native plugins compatible for Editor in 0.37 ms, found 0 plugins.
Preloading 0 native plugins for Editor in 0.00 ms.
Invoked RoslynAnalysisRunner static constructor.
RoslynAnalysisRunner will not be running.
RoslynAnalysisRunner has terminated.
Mono: successfully reloaded assembly
- Completed reload, in  0.951 seconds
Platform modules already initialized, skipping
Shader 'Universal Render Pipeline/Particles/Lit': fallback shader 'Universal Render Pipeline/Particles/SimpleLit' not found
Shader 'Universal Render Pipeline/Particles/Lit': fallback shader 'Universal Render Pipeline/Particles/SimpleLit' not found
Refreshing native plugins compatible for Editor in 0.40 ms, found 0 plugins.
Preloading 0 native plugins for Editor in 0.00 ms.
Unloading 2343 Unused Serialized files (Serialized files now loaded: 0)
System memory in use before: 114.0 MB.
System memory in use after: 111.8 MB.

Unloading 40 unused Assets to reduce memory usage. Loaded Objects now: 2965.
Total: 3.588700 ms (FindLiveObjects: 0.250400 ms CreateObjectMapping: 0.117000 ms MarkObjects: 1.731400 ms  DeleteObjects: 1.488100 ms)

========================================================================
Received Prepare
Registering precompiled user dll's ...
Registered in 0.002429 seconds.
Begin MonoManager ReloadAssembly
Native extension for WindowsStandalone target not found
Refreshing native plugins compatible for Editor in 0.50 ms, found 0 plugins.
Preloading 0 native plugins for Editor in 0.00 ms.
Invoked RoslynAnalysisRunner static constructor.
RoslynAnalysisRunner will not be running.
RoslynAnalysisRunner has terminated.
Mono: successfully reloaded assembly
- Completed reload, in  0.980 seconds
Platform modules already initialized, skipping
Shader 'Universal Render Pipeline/Particles/Lit': fallback shader 'Universal Render Pipeline/Particles/SimpleLit' not found
Shader 'Universal Render Pipeline/Particles/Lit': fallback shader 'Universal Render Pipeline/Particles/SimpleLit' not found
Refreshing native plugins compatible for Editor in 0.51 ms, found 0 plugins.
Preloading 0 native plugins for Editor in 0.00 ms.
Unloading 2343 Unused Serialized files (Serialized files now loaded: 0)
System memory in use before: 114.0 MB.
System memory in use after: 111.8 MB.

Unloading 40 unused Assets to reduce memory usage. Loaded Objects now: 2968.
Total: 3.940200 ms (FindLiveObjects: 0.324900 ms CreateObjectMapping: 0.226200 ms MarkObjects: 1.964500 ms  DeleteObjects: 1.422900 ms)

========================================================================
Received Import Request.
  Time since last request: 1361.250261 seconds.
  path: Assets/Scenes/SampleSceneLightingSettings.lighting
  artifactKey: Guid(477cc4148fad3449482a3bc3178594e2) Importer(815301076,1909f56bfc062723c751e8b465ee728b)
Start importing Assets/Scenes/SampleSceneLightingSettings.lighting using Guid(477cc4148fad3449482a3bc3178594e2) Importer(815301076,1909f56bfc062723c751e8b465ee728b)  -> (artifact id: '9a4923c8e4356c64c646080501d9e5d1') in 0.017900 seconds
  Import took 0.023346 seconds .

========================================================================
Received Import Request.
  Time since last request: 0.000650 seconds.
  path: Assets/Scenes/SampleSceneLightingSettings.lighting
  artifactKey: Guid(477cc4148fad3449482a3bc3178594e2) Importer(815301076,1909f56bfc062723c751e8b465ee728b)
Start importing Assets/Scenes/SampleSceneLightingSettings.lighting using Guid(477cc4148fad3449482a3bc3178594e2) Importer(815301076,1909f56bfc062723c751e8b465ee728b)  -> (artifact id: '9a4923c8e4356c64c646080501d9e5d1') in 0.004991 seconds
  Import took 0.010352 seconds .

========================================================================
Received Import Request.
  Time since last request: 1.585569 seconds.
  path: Assets/Scenes/SampleScene.unity
  artifactKey: Guid(d1c3109bdb54ad54c8a2b2838528e640) Importer(815301076,1909f56bfc062723c751e8b465ee728b)
Start importing Assets/Scenes/SampleScene.unity using Guid(d1c3109bdb54ad54c8a2b2838528e640) Importer(815301076,1909f56bfc062723c751e8b465ee728b)  -> (artifact id: 'cc2e71227f598cbfe07ba6fb30ea725e') in 0.005028 seconds
  Import took 0.014875 seconds .

========================================================================
Received Import Request.
  Time since last request: 2.723899 seconds.
  path: Assets/Scenes/Test.unity
  artifactKey: Guid(b923c127a29cf534c96455c5f93e37f5) Importer(815301076,1909f56bfc062723c751e8b465ee728b)
Start importing Assets/Scenes/Test.unity using Guid(b923c127a29cf534c96455c5f93e37f5) Importer(815301076,1909f56bfc062723c751e8b465ee728b)  -> (artifact id: '5ef438292ab7a4adc27c9c2420ffa16a') in 0.024024 seconds
  Import took 0.032807 seconds .

========================================================================
Received Import Request.
  Time since last request: 26.569049 seconds.
  path: Assets/ExampleAssets/Materials/ConstructionLight_Mat.mat
  artifactKey: Guid(49076442eeb7e054b8e8869f8b40656d) Importer(815301076,1909f56bfc062723c751e8b465ee728b)
Start importing Assets/ExampleAssets/Materials/ConstructionLight_Mat.mat using Guid(49076442eeb7e054b8e8869f8b40656d) Importer(815301076,1909f56bfc062723c751e8b465ee728b)  -> (artifact id: '46bc0cb7b04ef4576697caaff3831663') in 0.734360 seconds
  Import took 0.739245 seconds .

========================================================================
Received Import Request.
  Time since last request: 0.000300 seconds.
  path: Assets/ExampleAssets/Materials/DryWall_Mat.mat
  artifactKey: Guid(a68228c24abfa2f4b8954d7b0148f799) Importer(815301076,1909f56bfc062723c751e8b465ee728b)
Start importing Assets/ExampleAssets/Materials/DryWall_Mat.mat using Guid(a68228c24abfa2f4b8954d7b0148f799) Importer(815301076,1909f56bfc062723c751e8b465ee728b)  -> (artifact id: 'fab7a8b084a3dfd4c32ec8ac6ed61ae6') in 0.468690 seconds
  Import took 0.473579 seconds .

========================================================================
Received Import Request.
  Time since last request: 0.000339 seconds.
  path: Assets/ExampleAssets/Materials/Strap_Mat.mat
  artifactKey: Guid(81c1860e7800e5340bf8a54c565ba9ea) Importer(815301076,1909f56bfc062723c751e8b465ee728b)
Start importing Assets/ExampleAssets/Materials/Strap_Mat.mat using Guid(81c1860e7800e5340bf8a54c565ba9ea) Importer(815301076,1909f56bfc062723c751e8b465ee728b)  -> (artifact id: '82ed27144f24094911f87543eb1c0c40') in 0.399559 seconds
  Import took 0.403386 seconds .

========================================================================
Received Import Request.
  Time since last request: 0.000386 seconds.
  path: Assets/ExampleAssets/Materials/Plastic_Rough_Mat.mat
  artifactKey: Guid(a5aaee4111611af43b5abbff184fe5fa) Importer(815301076,1909f56bfc062723c751e8b465ee728b)
Start importing Assets/ExampleAssets/Materials/Plastic_Rough_Mat.mat using Guid(a5aaee4111611af43b5abbff184fe5fa) Importer(815301076,1909f56bfc062723c751e8b465ee728b)  -> (artifact id: 'cc6fce9bdf74c569af84bbe827006c6f') in 0.017441 seconds
  Import took 0.024867 seconds .

========================================================================
Received Import Request.
  Time since last request: 0.000588 seconds.
  path: Assets/ExampleAssets/Materials/Ground_Mat.mat
  artifactKey: Guid(d92ef32394b5f474385d74b565a7bdd7) Importer(815301076,1909f56bfc062723c751e8b465ee728b)
Start importing Assets/ExampleAssets/Materials/Ground_Mat.mat using Guid(d92ef32394b5f474385d74b565a7bdd7) Importer(815301076,1909f56bfc062723c751e8b465ee728b)  -> (artifact id: '0431a4dd5a8e6ede89f3ed3f1f3f4743') in 0.019859 seconds
  Import took 0.025544 seconds .

========================================================================
Received Import Request.
  Time since last request: 0.000293 seconds.
  path: Assets/ExampleAssets/Materials/Metal_Simple_Mat.mat
  artifactKey: Guid(a0427cf339e5891468d5f2b433b2d44a) Importer(815301076,1909f56bfc062723c751e8b465ee728b)
Start importing Assets/ExampleAssets/Materials/Metal_Simple_Mat.mat using Guid(a0427cf339e5891468d5f2b433b2d44a) Importer(815301076,1909f56bfc062723c751e8b465ee728b)  -> (artifact id: '2a89c5786bebd67246451a82d139dce2') in 0.456054 seconds
  Import took 0.460954 seconds .

========================================================================
Received Import Request.
  Time since last request: 0.000324 seconds.
  path: Assets/ExampleAssets/Materials/Plastic_Transparent.mat
  artifactKey: Guid(8a38b7350df9a9c438e568993a00e5c5) Importer(815301076,1909f56bfc062723c751e8b465ee728b)
Start importing Assets/ExampleAssets/Materials/Plastic_Transparent.mat using Guid(8a38b7350df9a9c438e568993a00e5c5) Importer(815301076,1909f56bfc062723c751e8b465ee728b)  -> (artifact id: '2435bf23600f074c3c8978177349e2ec') in 0.396731 seconds
  Import took 0.400456 seconds .

========================================================================
Received Import Request.
  Time since last request: 0.000347 seconds.
  path: Assets/ExampleAssets/Materials/Jigsaw_Mat.mat
  artifactKey: Guid(801db2d997a562b4ea333aa4593ce0f0) Importer(815301076,1909f56bfc062723c751e8b465ee728b)
Start importing Assets/ExampleAssets/Materials/Jigsaw_Mat.mat using Guid(801db2d997a562b4ea333aa4593ce0f0) Importer(815301076,1909f56bfc062723c751e8b465ee728b)  -> (artifact id: 'a4ad6ae1363bdf313edb24850ec705cf') in 0.018165 seconds
  Import took 0.040020 seconds .

========================================================================
Received Import Request.
  Time since last request: 0.000358 seconds.
  path: Assets/ExampleAssets/Materials/Hammer_Mat.mat
  artifactKey: Guid(4efcffd7ae23f1e41943fd914b18da10) Importer(815301076,1909f56bfc062723c751e8b465ee728b)
Start importing Assets/ExampleAssets/Materials/Hammer_Mat.mat using Guid(4efcffd7ae23f1e41943fd914b18da10) Importer(815301076,1909f56bfc062723c751e8b465ee728b)  -> (artifact id: 'b74ac4ca01dfd64d5152bcefa2a32689') in 0.022414 seconds
  Import took 0.038238 seconds .

========================================================================
Received Import Request.
  Time since last request: 0.000490 seconds.
  path: Assets/ExampleAssets/Materials/Plastic_Yellow_Mat.mat
  artifactKey: Guid(bd2d742ee2ce7a740ae0cf992a38be74) Importer(815301076,1909f56bfc062723c751e8b465ee728b)
Start importing Assets/ExampleAssets/Materials/Plastic_Yellow_Mat.mat using Guid(bd2d742ee2ce7a740ae0cf992a38be74) Importer(815301076,1909f56bfc062723c751e8b465ee728b)  -> (artifact id: '73ce56e661f9b0bc121b072fd91549a9') in 0.015117 seconds
  Import took 0.022193 seconds .

========================================================================
Received Import Request.
  Time since last request: 0.000109 seconds.
  path: Assets/ExampleAssets/Materials/Plastic_Gray_Mat.mat
  artifactKey: Guid(4dad30bbe2213eb4d8312f7bb6190866) Importer(815301076,1909f56bfc062723c751e8b465ee728b)
Start importing Assets/ExampleAssets/Materials/Plastic_Gray_Mat.mat using Guid(4dad30bbe2213eb4d8312f7bb6190866) Importer(815301076,1909f56bfc062723c751e8b465ee728b)  -> (artifact id: 'f63adcbc174b8fa5c5f224f7bb4b3816') in 0.014399 seconds
  Import took 0.022457 seconds .

========================================================================
Received Import Request.
  Time since last request: 0.000330 seconds.
  path: Assets/ExampleAssets/Materials/PaintLabel_Mat.mat
  artifactKey: Guid(3da4aad06945bbf4baf801c2aacbc01e) Importer(815301076,1909f56bfc062723c751e8b465ee728b)
Start importing Assets/ExampleAssets/Materials/PaintLabel_Mat.mat using Guid(3da4aad06945bbf4baf801c2aacbc01e) Importer(815301076,1909f56bfc062723c751e8b465ee728b)  -> (artifact id: '987c0b733c0a1316d7d9bedde726e43a') in 0.412088 seconds
  Import took 0.418574 seconds .

========================================================================
Received Import Request.
  Time since last request: 0.000266 seconds.
  path: Assets/ExampleAssets/Materials/LightBulb_Mat.mat
  artifactKey: Guid(ec739259ec61f5d4ba3ed6d34fd802a6) Importer(815301076,1909f56bfc062723c751e8b465ee728b)
Start importing Assets/ExampleAssets/Materials/LightBulb_Mat.mat using Guid(ec739259ec61f5d4ba3ed6d34fd802a6) Importer(815301076,1909f56bfc062723c751e8b465ee728b)  -> (artifact id: '1d4849eb2e16f89f487fc65cc18c96c2') in 0.402082 seconds
  Import took 0.405673 seconds .

========================================================================
Received Import Request.
  Time since last request: 0.000358 seconds.
  path: Assets/ExampleAssets/Materials/HardHat_Mat.mat
  artifactKey: Guid(e93789f0a5d66df4a81613935579642b) Importer(815301076,1909f56bfc062723c751e8b465ee728b)
Start importing Assets/ExampleAssets/Materials/HardHat_Mat.mat using Guid(e93789f0a5d66df4a81613935579642b) Importer(815301076,1909f56bfc062723c751e8b465ee728b)  -> (artifact id: '10f66d71039e64ec7409c6b2ab767b4d') in 0.017946 seconds
  Import took 0.022839 seconds .

========================================================================
Received Import Request.
  Time since last request: 0.000329 seconds.
  path: Assets/ExampleAssets/Materials/Plastic_Black_Mat.mat
  artifactKey: Guid(e745492728544aa488aa0429b6068e71) Importer(815301076,1909f56bfc062723c751e8b465ee728b)
Start importing Assets/ExampleAssets/Materials/Plastic_Black_Mat.mat using Guid(e745492728544aa488aa0429b6068e71) Importer(815301076,1909f56bfc062723c751e8b465ee728b)  -> (artifact id: '406a9ec8cc7f69e61b537e3dd917d34e') in 0.016598 seconds
  Import took 0.027473 seconds .

========================================================================
Received Import Request.
  Time since last request: 0.001180 seconds.
  path: Assets/ExampleAssets/Materials/DryWallPainted_Mat.mat
  artifactKey: Guid(9b8eadc4de0544646b75ddcc43f8fd06) Importer(815301076,1909f56bfc062723c751e8b465ee728b)
Start importing Assets/ExampleAssets/Materials/DryWallPainted_Mat.mat using Guid(9b8eadc4de0544646b75ddcc43f8fd06) Importer(815301076,1909f56bfc062723c751e8b465ee728b)  -> (artifact id: 'b6d4282a9142cf20ee58b18d494d82d1') in 0.018044 seconds
  Import took 0.022775 seconds .

========================================================================
Received Import Request.
  Time since last request: 0.000276 seconds.
  path: Assets/ExampleAssets/Materials/Plastic_Ridges_Mat.mat
  artifactKey: Guid(c05de7c865075334786e6a47a543af72) Importer(815301076,1909f56bfc062723c751e8b465ee728b)
Start importing Assets/ExampleAssets/Materials/Plastic_Ridges_Mat.mat using Guid(c05de7c865075334786e6a47a543af72) Importer(815301076,1909f56bfc062723c751e8b465ee728b)  -> (artifact id: '809ce88f4e46556365a959e6c36578cd') in 0.019667 seconds
  Import took 0.029810 seconds .

========================================================================
Received Import Request.
  Time since last request: 0.000259 seconds.
  path: Assets/ExampleAssets/Materials/Metal_Blue_Simple_Mat.mat
  artifactKey: Guid(cd71291c91c8cce499cb663b5db9970e) Importer(815301076,1909f56bfc062723c751e8b465ee728b)
Start importing Assets/ExampleAssets/Materials/Metal_Blue_Simple_Mat.mat using Guid(cd71291c91c8cce499cb663b5db9970e) Importer(815301076,1909f56bfc062723c751e8b465ee728b)  -> (artifact id: 'b3cda90264f4938aa4f29e30411fdf18') in 0.016185 seconds
  Import took 0.028354 seconds .

========================================================================
Received Import Request.
  Time since last request: 0.000270 seconds.
  path: Assets/ExampleAssets/Materials/Paint1G_WAnim_Material.mat
  artifactKey: Guid(55c183dc45153be48a45c4e530127fb3) Importer(815301076,1909f56bfc062723c751e8b465ee728b)
Start importing Assets/ExampleAssets/Materials/Paint1G_WAnim_Material.mat using Guid(55c183dc45153be48a45c4e530127fb3) Importer(815301076,1909f56bfc062723c751e8b465ee728b)  -> (artifact id: 'adbc73b71132b91ab9c83fbc23e68c39') in 0.572806 seconds
  Import took 0.576993 seconds .

========================================================================
Received Import Request.
  Time since last request: 0.000347 seconds.
  path: Assets/ExampleAssets/Materials/Plastic_White_Mat.mat
  artifactKey: Guid(6cfe423139c361a459da7ed9831d4b1c) Importer(815301076,1909f56bfc062723c751e8b465ee728b)
Start importing Assets/ExampleAssets/Materials/Plastic_White_Mat.mat using Guid(6cfe423139c361a459da7ed9831d4b1c) Importer(815301076,1909f56bfc062723c751e8b465ee728b)  -> (artifact id: 'c2ede7f6e9440c3ee9235538523eefcb') in 0.016156 seconds
  Import took 0.036274 seconds .

========================================================================
Received Import Request.
  Time since last request: 0.000301 seconds.
  path: Assets/ExampleAssets/Materials/Liquid_Mat.mat
  artifactKey: Guid(c532880e607f8c84d8b9bf0c46a522ad) Importer(815301076,1909f56bfc062723c751e8b465ee728b)
Start importing Assets/ExampleAssets/Materials/Liquid_Mat.mat using Guid(c532880e607f8c84d8b9bf0c46a522ad) Importer(815301076,1909f56bfc062723c751e8b465ee728b)  -> (artifact id: '510b8b0debc3ea8daffa64df9d526a01') in 0.018571 seconds
  Import took 0.023110 seconds .

========================================================================
Received Import Request.
  Time since last request: 0.000265 seconds.
  path: Assets/ExampleAssets/Materials/OBS_Mat.mat
  artifactKey: Guid(c438e5c679f1be040a135443008e2fce) Importer(815301076,1909f56bfc062723c751e8b465ee728b)
Start importing Assets/ExampleAssets/Materials/OBS_Mat.mat using Guid(c438e5c679f1be040a135443008e2fce) Importer(815301076,1909f56bfc062723c751e8b465ee728b)  -> (artifact id: '4acce308480318ba2d1d61367d0cff1e') in 0.048504 seconds
  Import took 0.054668 seconds .

========================================================================
Received Import Request.
  Time since last request: 0.000279 seconds.
  path: Assets/ExampleAssets/Materials/PaintBrush_Mat.mat
  artifactKey: Guid(539165557a9d3744680bb21164bea45e) Importer(815301076,1909f56bfc062723c751e8b465ee728b)
Start importing Assets/ExampleAssets/Materials/PaintBrush_Mat.mat using Guid(539165557a9d3744680bb21164bea45e) Importer(815301076,1909f56bfc062723c751e8b465ee728b)  -> (artifact id: '2ffd9b10d324cd4b8e8caa1637f4f693') in 0.025830 seconds
  Import took 0.042413 seconds .

========================================================================
Received Import Request.
  Time since last request: 0.000452 seconds.
  path: Assets/ExampleAssets/Materials/Stud_Mat.mat
  artifactKey: Guid(027cb3d3d7dc79d41ad763e01759de07) Importer(815301076,1909f56bfc062723c751e8b465ee728b)
Start importing Assets/ExampleAssets/Materials/Stud_Mat.mat using Guid(027cb3d3d7dc79d41ad763e01759de07) Importer(815301076,1909f56bfc062723c751e8b465ee728b)  -> (artifact id: '70554c186b54b597c2c29c89bda8ed5b') in 0.028245 seconds
  Import took 0.038645 seconds .

========================================================================
Received Prepare
Registering precompiled user dll's ...
Registered in 0.002311 seconds.
Begin MonoManager ReloadAssembly
Native extension for WindowsStandalone target not found
Refreshing native plugins compatible for Editor in 0.74 ms, found 0 plugins.
Preloading 0 native plugins for Editor in 0.00 ms.
Invoked RoslynAnalysisRunner static constructor.
RoslynAnalysisRunner will not be running.
RoslynAnalysisRunner has terminated.
Mono: successfully reloaded assembly
- Completed reload, in  1.103 seconds
Platform modules already initialized, skipping
Shader 'Universal Render Pipeline/Particles/Lit': fallback shader 'Universal Render Pipeline/Particles/SimpleLit' not found
Shader 'Universal Render Pipeline/Particles/Lit': fallback shader 'Universal Render Pipeline/Particles/SimpleLit' not found
Refreshing native plugins compatible for Editor in 0.50 ms, found 0 plugins.
Preloading 0 native plugins for Editor in 0.00 ms.
Unloading 2343 Unused Serialized files (Serialized files now loaded: 0)
System memory in use before: 114.3 MB.
System memory in use after: 112.1 MB.

Unloading 40 unused Assets to reduce memory usage. Loaded Objects now: 3007.
Total: 5.278400 ms (FindLiveObjects: 0.427400 ms CreateObjectMapping: 0.254600 ms MarkObjects: 2.665400 ms  DeleteObjects: 1.929300 ms)

========================================================================
Received Import Request.
  Time since last request: 372.208131 seconds.
  path: Assets/Materials/Enemy.mat
  artifactKey: Guid(7eab2d97c2415ff4a8922c132df071a9) Importer(815301076,1909f56bfc062723c751e8b465ee728b)
Start importing Assets/Materials/Enemy.mat using Guid(7eab2d97c2415ff4a8922c132df071a9) Importer(815301076,1909f56bfc062723c751e8b465ee728b)  -> (artifact id: '4ebe5b3da8eacea5d2e36ad0e399a893') in 0.179560 seconds
  Import took 0.187220 seconds .

========================================================================
Received Import Request.
  Time since last request: 0.000260 seconds.
  path: Assets/Materials/Sun.mat
  artifactKey: Guid(834882172dafa6d4ea7c57ff80edf42e) Importer(815301076,1909f56bfc062723c751e8b465ee728b)
Start importing Assets/Materials/Sun.mat using Guid(834882172dafa6d4ea7c57ff80edf42e) Importer(815301076,1909f56bfc062723c751e8b465ee728b)  -> (artifact id: 'e66b7902f06fbbc1195b06b1220c8a36') in 0.071266 seconds
  Import took 0.074978 seconds .

========================================================================
Received Import Request.
  Time since last request: 0.000380 seconds.
  path: Assets/Materials/Moon.mat
  artifactKey: Guid(2c15561d2f466b743a2d7bd686a33a8f) Importer(815301076,1909f56bfc062723c751e8b465ee728b)
Start importing Assets/Materials/Moon.mat using Guid(2c15561d2f466b743a2d7bd686a33a8f) Importer(815301076,1909f56bfc062723c751e8b465ee728b)  -> (artifact id: 'fc8ee55101280a50178371bf3251710f') in 0.017116 seconds
  Import took 0.035364 seconds .

========================================================================
Received Import Request.
  Time since last request: 37.418049 seconds.
  path: Assets/ExampleAssets/Models/Workbench.fbx
  artifactKey: Guid(efe9381559c516743bd05cef82f39ebb) Importer(815301076,1909f56bfc062723c751e8b465ee728b)
Start importing Assets/ExampleAssets/Models/Workbench.fbx using Guid(efe9381559c516743bd05cef82f39ebb) Importer(815301076,1909f56bfc062723c751e8b465ee728b)  -> (artifact id: '47a617f5ae4558bfa230845a53f695c2') in 0.465448 seconds
  Import took 0.472437 seconds .

========================================================================
Received Import Request.
  Time since last request: 0.000318 seconds.
  path: Assets/ExampleAssets/Models/hammer_low.fbx
  artifactKey: Guid(68a66fb5a71f8204a8dcb613c97d1fa8) Importer(815301076,1909f56bfc062723c751e8b465ee728b)
Start importing Assets/ExampleAssets/Models/hammer_low.fbx using Guid(68a66fb5a71f8204a8dcb613c97d1fa8) Importer(815301076,1909f56bfc062723c751e8b465ee728b)  -> (artifact id: '2309946c2ddc7a5039ac094dca86297b') in 0.029122 seconds
  Import took 0.052622 seconds .

========================================================================
Received Import Request.
  Time since last request: 0.000376 seconds.
  path: Assets/ExampleAssets/Models/safetygoggles_low.fbx
  artifactKey: Guid(6296e48663fd7ad46b1a2af507f871cf) Importer(815301076,1909f56bfc062723c751e8b465ee728b)
Start importing Assets/ExampleAssets/Models/safetygoggles_low.fbx using Guid(6296e48663fd7ad46b1a2af507f871cf) Importer(815301076,1909f56bfc062723c751e8b465ee728b)  -> (artifact id: 'd831beaf2880b041bb9ec78a0159cf04') in 0.059844 seconds
  Import took 0.064939 seconds .

========================================================================
Received Import Request.
  Time since last request: 0.000261 seconds.
  path: Assets/ExampleAssets/Models/Stud.fbx
  artifactKey: Guid(34624edaccd9d704a95ed404d919b492) Importer(815301076,1909f56bfc062723c751e8b465ee728b)
Start importing Assets/ExampleAssets/Models/Stud.fbx using Guid(34624edaccd9d704a95ed404d919b492) Importer(815301076,1909f56bfc062723c751e8b465ee728b)  -> (artifact id: 'c2b2bae78539fe624be72e632142d51a') in 0.042359 seconds
  Import took 0.047414 seconds .

========================================================================
Received Import Request.
  Time since last request: 0.000275 seconds.
  path: Assets/ExampleAssets/Models/jigsaw_low.fbx
  artifactKey: Guid(8b73e8872ca76104bbca4ee2b704a1b4) Importer(815301076,1909f56bfc062723c751e8b465ee728b)
Start importing Assets/ExampleAssets/Models/jigsaw_low.fbx using Guid(8b73e8872ca76104bbca4ee2b704a1b4) Importer(815301076,1909f56bfc062723c751e8b465ee728b)  -> (artifact id: '5835563381870eae80881404ec8aea77') in 0.026845 seconds
  Import took 0.034188 seconds .

========================================================================
Received Import Request.
  Time since last request: 0.000308 seconds.
  path: Assets/ExampleAssets/Models/magneticlevel_low.fbx
  artifactKey: Guid(bae110eee250e4b418b188f4ae4e3170) Importer(815301076,1909f56bfc062723c751e8b465ee728b)
Start importing Assets/ExampleAssets/Models/magneticlevel_low.fbx using Guid(bae110eee250e4b418b188f4ae4e3170) Importer(815301076,1909f56bfc062723c751e8b465ee728b)  -> (artifact id: 'ea18879bc34617c5b095f51001ccb7b7') in 0.041750 seconds
  Import took 0.066285 seconds .

========================================================================
Received Import Request.
  Time since last request: 0.000307 seconds.
  path: Assets/ExampleAssets/Models/brush_low.fbx
  artifactKey: Guid(aed8c47425ab91f4eb06ce6fe47c3e4e) Importer(815301076,1909f56bfc062723c751e8b465ee728b)
Start importing Assets/ExampleAssets/Models/brush_low.fbx using Guid(aed8c47425ab91f4eb06ce6fe47c3e4e) Importer(815301076,1909f56bfc062723c751e8b465ee728b)  -> (artifact id: '88b2b9cb9e767390cc5c98bbb077f3ea') in 0.029568 seconds
  Import took 0.034969 seconds .

========================================================================
Received Import Request.
  Time since last request: 0.000297 seconds.
  path: Assets/ExampleAssets/Models/paintbucket_low.fbx
  artifactKey: Guid(b451a052397f03c4f8a04d915d1c0492) Importer(815301076,1909f56bfc062723c751e8b465ee728b)
Start importing Assets/ExampleAssets/Models/paintbucket_low.fbx using Guid(b451a052397f03c4f8a04d915d1c0492) Importer(815301076,1909f56bfc062723c751e8b465ee728b)  -> (artifact id: '8f6dea081a5f29fc3e978e138bf2dc5e') in 0.070929 seconds
  Import took 0.076669 seconds .

========================================================================
Received Import Request.
  Time since last request: 0.000331 seconds.
  path: Assets/ExampleAssets/Models/Workshop_Set.fbx
  artifactKey: Guid(47616bd0cda748d4cbedcfc908506b9d) Importer(815301076,1909f56bfc062723c751e8b465ee728b)
Start importing Assets/ExampleAssets/Models/Workshop_Set.fbx using Guid(47616bd0cda748d4cbedcfc908506b9d) Importer(815301076,1909f56bfc062723c751e8b465ee728b)  -> (artifact id: '6f718ba7f464f6703575cda7ca852842') in 0.099993 seconds
  Import took 0.107802 seconds .

========================================================================
Received Import Request.
  Time since last request: 0.000240 seconds.
  path: Assets/ExampleAssets/Models/ConstructionLight_Low.fbx
  artifactKey: Guid(e3ae06a3979f53046aa05330d69de1fa) Importer(815301076,1909f56bfc062723c751e8b465ee728b)
Start importing Assets/ExampleAssets/Models/ConstructionLight_Low.fbx using Guid(e3ae06a3979f53046aa05330d69de1fa) Importer(815301076,1909f56bfc062723c751e8b465ee728b)  -> (artifact id: 'b7cbfdad68c9199d4831711a12391100') in 0.060112 seconds
  Import took 0.065260 seconds .

========================================================================
Received Import Request.
  Time since last request: 0.000448 seconds.
  path: Assets/ExampleAssets/Models/Workbench.fbx
  artifactKey: Guid(efe9381559c516743bd05cef82f39ebb) Importer(815301076,1909f56bfc062723c751e8b465ee728b)
Start importing Assets/ExampleAssets/Models/Workbench.fbx using Guid(efe9381559c516743bd05cef82f39ebb) Importer(815301076,1909f56bfc062723c751e8b465ee728b)  -> (artifact id: '47a617f5ae4558bfa230845a53f695c2') in 0.101442 seconds
  Import took 0.107725 seconds .

========================================================================
Received Import Request.
  Time since last request: 0.000240 seconds.
  path: Assets/ExampleAssets/Models/Workbench_Low.fbx
  artifactKey: Guid(ff6dc36862fe41641bb21568d92147c9) Importer(815301076,1909f56bfc062723c751e8b465ee728b)
Start importing Assets/ExampleAssets/Models/Workbench_Low.fbx using Guid(ff6dc36862fe41641bb21568d92147c9) Importer(815301076,1909f56bfc062723c751e8b465ee728b)  -> (artifact id: '0bb2c7878ecf931519e2efdd7352d816') in 0.097217 seconds
  Import took 0.108925 seconds .

========================================================================
Received Import Request.
  Time since last request: 0.000255 seconds.
  path: Assets/ExampleAssets/Models/safetyhat_low.fbx
  artifactKey: Guid(9d0d902f71acfe646a46cb625f815a49) Importer(815301076,1909f56bfc062723c751e8b465ee728b)
Start importing Assets/ExampleAssets/Models/safetyhat_low.fbx using Guid(9d0d902f71acfe646a46cb625f815a49) Importer(815301076,1909f56bfc062723c751e8b465ee728b)  -> (artifact id: 'c9942d5b3e4089ee999571bb914cfbf3') in 0.022535 seconds
  Import took 0.033963 seconds .

========================================================================
Received Import Request.
  Time since last request: 0.000279 seconds.
  path: Assets/ExampleAssets/Models/small_plane.fbx
  artifactKey: Guid(aeaee610429f51f44981e141eb2a3545) Importer(815301076,1909f56bfc062723c751e8b465ee728b)
Start importing Assets/ExampleAssets/Models/small_plane.fbx using Guid(aeaee610429f51f44981e141eb2a3545) Importer(815301076,1909f56bfc062723c751e8b465ee728b)  -> (artifact id: '574bafd1417c1be27727c26c085a1744') in 0.024972 seconds
  Import took 0.030376 seconds .

========================================================================
Received Import Request.
  Time since last request: 53.619822 seconds.
  path: Assets/Materials/Box.mat
  artifactKey: Guid(06a1c9d7229413342af1c53d23cf47d5) Importer(815301076,1909f56bfc062723c751e8b465ee728b)
Start importing Assets/Materials/Box.mat using Guid(06a1c9d7229413342af1c53d23cf47d5) Importer(815301076,1909f56bfc062723c751e8b465ee728b)  -> (artifact id: '8d62fab4889990d11eb859fcf539f62e') in 0.022643 seconds
  Import took 0.027853 seconds .

========================================================================
Received Import Request.
  Time since last request: 0.001653 seconds.
  path: Assets/Materials/Box.mat
  artifactKey: Guid(06a1c9d7229413342af1c53d23cf47d5) Importer(815301076,1909f56bfc062723c751e8b465ee728b)
Start importing Assets/Materials/Box.mat using Guid(06a1c9d7229413342af1c53d23cf47d5) Importer(815301076,1909f56bfc062723c751e8b465ee728b)  -> (artifact id: '8d62fab4889990d11eb859fcf539f62e') in 0.034778 seconds
  Import took 0.039705 seconds .

========================================================================
Received Prepare
Registering precompiled user dll's ...
Registered in 0.002477 seconds.
Begin MonoManager ReloadAssembly
Native extension for WindowsStandalone target not found
Refreshing native plugins compatible for Editor in 0.37 ms, found 0 plugins.
Preloading 0 native plugins for Editor in 0.00 ms.
Invoked RoslynAnalysisRunner static constructor.
RoslynAnalysisRunner will not be running.
RoslynAnalysisRunner has terminated.
Mono: successfully reloaded assembly
- Completed reload, in  1.127 seconds
Platform modules already initialized, skipping
Shader 'Universal Render Pipeline/Particles/Lit': fallback shader 'Universal Render Pipeline/Particles/SimpleLit' not found
Shader 'Universal Render Pipeline/Particles/Lit': fallback shader 'Universal Render Pipeline/Particles/SimpleLit' not found
Refreshing native plugins compatible for Editor in 0.37 ms, found 0 plugins.
Preloading 0 native plugins for Editor in 0.00 ms.
Unloading 2343 Unused Serialized files (Serialized files now loaded: 0)
System memory in use before: 115.2 MB.
System memory in use after: 113.0 MB.

Unloading 40 unused Assets to reduce memory usage. Loaded Objects now: 3051.
Total: 5.570600 ms (FindLiveObjects: 0.592600 ms CreateObjectMapping: 0.242000 ms MarkObjects: 2.708300 ms  DeleteObjects: 2.025400 ms)

========================================================================
Received Prepare
Registering precompiled user dll's ...
Registered in 0.182446 seconds.
Begin MonoManager ReloadAssembly
Native extension for WindowsStandalone target not found
Refreshing native plugins compatible for Editor in 0.37 ms, found 0 plugins.
Preloading 0 native plugins for Editor in 0.00 ms.
Invoked RoslynAnalysisRunner static constructor.
RoslynAnalysisRunner will not be running.
RoslynAnalysisRunner has terminated.
Mono: successfully reloaded assembly
- Completed reload, in  1.652 seconds
Platform modules already initialized, skipping
Shader 'Universal Render Pipeline/Particles/Lit': fallback shader 'Universal Render Pipeline/Particles/SimpleLit' not found
Shader 'Universal Render Pipeline/Particles/Lit': fallback shader 'Universal Render Pipeline/Particles/SimpleLit' not found
Refreshing native plugins compatible for Editor in 0.36 ms, found 0 plugins.
Preloading 0 native plugins for Editor in 0.00 ms.
Unloading 2343 Unused Serialized files (Serialized files now loaded: 0)
System memory in use before: 115.1 MB.
System memory in use after: 112.9 MB.

Unloading 40 unused Assets to reduce memory usage. Loaded Objects now: 3054.
Total: 4.584700 ms (FindLiveObjects: 0.762300 ms CreateObjectMapping: 0.215300 ms MarkObjects: 2.093300 ms  DeleteObjects: 1.511700 ms)

AssetImportWorkerClient::OnTransportError - code=2 error=End of file
