Using pre-set license
Built from '2020.2/staging' branch; Version is '2020.2.7f1 (c53830e277f1) revision 12924976'; Using compiler version '192528614'; Build Type 'Release'
OS: 'Windows 10 Pro; OS build 19042.867; Version 2009; 64bit' Language: 'en' Physical Memory: 8146 MB
BatchMode: 1, IsHumanControllingUs: 0, StartBugReporterOnCrash: 0, Is64bit: 1, IsPro: 0

 COMMAND LINE ARGUMENTS:
C:\Program Files\Unity\2020.2.7f1\Editor\Unity.exe
-adb2
-batchMode
-noUpm
-name
AssetImportWorker1
-projectPath
E:/Workspace/It Never Ends
-logFile
Logs/AssetImportWorker1.log
-srvPort
65155
Successfully changed project path to: E:/Workspace/It Never Ends
E:/Workspace/It Never Ends
Using Asset Import Pipeline V2.
Refreshing native plugins compatible for Editor in 49.86 ms, found 0 plugins.
Preloading 0 native plugins for Editor in 0.00 ms.
Initialize engine version: 2020.2.7f1 (c53830e277f1)
[Subsystems] Discovering subsystems at path C:/Program Files/Unity/2020.2.7f1/Editor/Data/Resources/UnitySubsystems
[Subsystems] Discovering subsystems at path E:/Workspace/It Never Ends/Assets
GfxDevice: creating device client; threaded=0
Direct3D:
    Version:  Direct3D 11.0 [level 11.1]
    Renderer: NVIDIA GeForce RTX 2060 (ID=0x1f08)
    Vendor:   
    VRAM:     5980 MB
    Driver:   27.21.14.6172
Initialize mono
Mono path[0] = 'C:/Program Files/Unity/2020.2.7f1/Editor/Data/Managed'
Mono path[1] = 'C:/Program Files/Unity/2020.2.7f1/Editor/Data/MonoBleedingEdge/lib/mono/unityjit'
Mono config path = 'C:/Program Files/Unity/2020.2.7f1/Editor/Data/MonoBleedingEdge/etc'
Using monoOptions --debugger-agent=transport=dt_socket,embedding=1,server=y,suspend=n,address=127.0.0.1:56732
Begin MonoManager ReloadAssembly
Registering precompiled unity dll's ...
Register platform support module: C:/Program Files/Unity/2020.2.7f1/Editor/Data/PlaybackEngines/WebGLSupport/UnityEditor.WebGL.Extensions.dll
Register platform support module: C:/Program Files/Unity/2020.2.7f1/Editor/Data/PlaybackEngines/WindowsStandaloneSupport/UnityEditor.WindowsStandalone.Extensions.dll
Registered in 0.004114 seconds.
Native extension for WindowsStandalone target not found
Native extension for WebGL target not found
Refreshing native plugins compatible for Editor in 77.72 ms, found 0 plugins.
Preloading 0 native plugins for Editor in 0.00 ms.
Invoked RoslynAnalysisRunner static constructor.
RoslynAnalysisRunner will not be running.
RoslynAnalysisRunner has terminated.
Mono: successfully reloaded assembly
- Completed reload, in 11.075 seconds
Platform modules already initialized, skipping
Registering precompiled user dll's ...
Registered in 0.002444 seconds.
Begin MonoManager ReloadAssembly
Native extension for WindowsStandalone target not found
Native extension for WebGL target not found
Refreshing native plugins compatible for Editor in 68.77 ms, found 0 plugins.
Preloading 0 native plugins for Editor in 0.00 ms.
Invoked RoslynAnalysisRunner static constructor.
RoslynAnalysisRunner will not be running.
RoslynAnalysisRunner has terminated.
Mono: successfully reloaded assembly
- Completed reload, in  1.224 seconds
Platform modules already initialized, skipping
========================================================================
Worker process is ready to serve import requests
Shader 'Universal Render Pipeline/Particles/Lit': fallback shader 'Universal Render Pipeline/Particles/SimpleLit' not found
Shader 'Universal Render Pipeline/Particles/Lit': fallback shader 'Universal Render Pipeline/Particles/SimpleLit' not found
Launched and connected shader compiler UnityShaderCompiler.exe after 0.15 seconds
Refreshing native plugins compatible for Editor in 0.38 ms, found 0 plugins.
Preloading 0 native plugins for Editor in 0.00 ms.
Unloading 2426 Unused Serialized files (Serialized files now loaded: 0)
System memory in use before: 185.2 MB.
System memory in use after: 183.3 MB.

Unloading 44 unused Assets to reduce memory usage. Loaded Objects now: 2850.
Total: 3.560100 ms (FindLiveObjects: 0.320600 ms CreateObjectMapping: 0.121800 ms MarkObjects: 2.067200 ms  DeleteObjects: 1.049100 ms)

========================================================================
Received Import Request.
  path: Assets/Scenes/Game.unity
  artifactKey: Guid(b923c127a29cf534c96455c5f93e37f5) Importer(815301076,1909f56bfc062723c751e8b465ee728b)
Start importing Assets/Scenes/Game.unity using Guid(b923c127a29cf534c96455c5f93e37f5) Importer(815301076,1909f56bfc062723c751e8b465ee728b)  -> (artifact id: '7c47af533568bd54dad259e838ddd1a8') in 0.010733 seconds
  Import took 0.039150 seconds .

========================================================================
Received Import Request.
  Time since last request: 0.000356 seconds.
  path: Assets/Scenes/New Scene.unity
  artifactKey: Guid(4934e7b7b9ad0804cae8dc055e0523b8) Importer(815301076,1909f56bfc062723c751e8b465ee728b)
Start importing Assets/Scenes/New Scene.unity using Guid(4934e7b7b9ad0804cae8dc055e0523b8) Importer(815301076,1909f56bfc062723c751e8b465ee728b)  -> (artifact id: '8187b90e1d40d82950a26757673c3289') in 0.003034 seconds
  Import took 0.020270 seconds .

========================================================================
Received Import Request.
  Time since last request: 2.457139 seconds.
  path: Assets/Models/Alien_Helmet.fbx
  artifactKey: Guid(c02fa03b3a855d647b6b72e665f9e2e3) Importer(815301076,1909f56bfc062723c751e8b465ee728b)
Start importing Assets/Models/Alien_Helmet.fbx using Guid(c02fa03b3a855d647b6b72e665f9e2e3) Importer(815301076,1909f56bfc062723c751e8b465ee728b)  -> (artifact id: 'ca7784cfb2155cb2fd40ec1c303d1656') in 0.705569 seconds
  Import took 0.773783 seconds .

========================================================================
Received Import Request.
  Time since last request: 0.004417 seconds.
  path: Assets/Models/Alien_Helmet.fbx
  artifactKey: Guid(c02fa03b3a855d647b6b72e665f9e2e3) Importer(815301076,1909f56bfc062723c751e8b465ee728b)
Start importing Assets/Models/Alien_Helmet.fbx using Guid(c02fa03b3a855d647b6b72e665f9e2e3) Importer(815301076,1909f56bfc062723c751e8b465ee728b)  -> (artifact id: 'ca7784cfb2155cb2fd40ec1c303d1656') in 0.114038 seconds
  Import took 0.123232 seconds .

========================================================================
Received Import Request.
  Time since last request: 11.612161 seconds.
  path: Assets/Models/Alien_Helmet.fbx
  artifactKey: Guid(c02fa03b3a855d647b6b72e665f9e2e3) Importer(815301076,1909f56bfc062723c751e8b465ee728b)
Start importing Assets/Models/Alien_Helmet.fbx using Guid(c02fa03b3a855d647b6b72e665f9e2e3) Importer(815301076,1909f56bfc062723c751e8b465ee728b)  -> (artifact id: '8eb57574ad12764833079a488f017b8e') in 0.089379 seconds
  Import took 0.121599 seconds .

========================================================================
Received Import Request.
  Time since last request: 5.666007 seconds.
  path: Assets/Models/Alien_Helmet.fbx
  artifactKey: Guid(c02fa03b3a855d647b6b72e665f9e2e3) Importer(815301076,1909f56bfc062723c751e8b465ee728b)
Start importing Assets/Models/Alien_Helmet.fbx using Guid(c02fa03b3a855d647b6b72e665f9e2e3) Importer(815301076,1909f56bfc062723c751e8b465ee728b)  -> (artifact id: '9e516ee7ad1deaa52c77390b4b9776c7') in 0.101217 seconds
  Import took 0.119625 seconds .

========================================================================
Received Import Request.
  Time since last request: 5.171737 seconds.
  path: Assets/Models/Alien_Helmet.fbx
  artifactKey: Guid(c02fa03b3a855d647b6b72e665f9e2e3) Importer(815301076,1909f56bfc062723c751e8b465ee728b)
Start importing Assets/Models/Alien_Helmet.fbx using Guid(c02fa03b3a855d647b6b72e665f9e2e3) Importer(815301076,1909f56bfc062723c751e8b465ee728b)  -> (artifact id: '36d0090843aaf7cf8a1eb1d8e0269e02') in 0.099102 seconds
  Import took 0.133077 seconds .

========================================================================
Received Import Request.
  Time since last request: 20.995096 seconds.
  path: Assets/Models/Alien_Helmet.fbx
  artifactKey: Guid(c02fa03b3a855d647b6b72e665f9e2e3) Importer(815301076,1909f56bfc062723c751e8b465ee728b)
Start importing Assets/Models/Alien_Helmet.fbx using Guid(c02fa03b3a855d647b6b72e665f9e2e3) Importer(815301076,1909f56bfc062723c751e8b465ee728b)  -> (artifact id: '6fad390237e55e4898bfbdc2e5b3f4e1') in 0.083389 seconds
  Import took 0.091018 seconds .

========================================================================
Received Import Request.
  Time since last request: 2.624453 seconds.
  path: Assets/Models/Alien_Helmet.fbx
  artifactKey: Guid(c02fa03b3a855d647b6b72e665f9e2e3) Importer(815301076,1909f56bfc062723c751e8b465ee728b)
Start importing Assets/Models/Alien_Helmet.fbx using Guid(c02fa03b3a855d647b6b72e665f9e2e3) Importer(815301076,1909f56bfc062723c751e8b465ee728b)  -> (artifact id: '8b17d3c18f3b40079816edab3de00cb9') in 0.092346 seconds
  Import took 0.097684 seconds .

========================================================================
Received Import Request.
  Time since last request: 10.248451 seconds.
  path: Assets/Models/Alien_Helmet.fbx
  artifactKey: Guid(c02fa03b3a855d647b6b72e665f9e2e3) Importer(815301076,1909f56bfc062723c751e8b465ee728b)
Start importing Assets/Models/Alien_Helmet.fbx using Guid(c02fa03b3a855d647b6b72e665f9e2e3) Importer(815301076,1909f56bfc062723c751e8b465ee728b)  -> (artifact id: 'cfd7da01e6b4b7b8c33fb6091a17e3af') in 0.096805 seconds
  Import took 0.116526 seconds .

========================================================================
Received Import Request.
  Time since last request: 9.012149 seconds.
  path: Assets/Models/Alien_Helmet.fbx
  artifactKey: Guid(c02fa03b3a855d647b6b72e665f9e2e3) Importer(815301076,1909f56bfc062723c751e8b465ee728b)
Start importing Assets/Models/Alien_Helmet.fbx using Guid(c02fa03b3a855d647b6b72e665f9e2e3) Importer(815301076,1909f56bfc062723c751e8b465ee728b)  -> (artifact id: '07fffefa579d35d9568d97729fa4669f') in 0.066516 seconds
  Import took 0.083418 seconds .

========================================================================
Received Import Request.
  Time since last request: 6.344893 seconds.
  path: Assets/Models/Alien_Helmet.fbx
  artifactKey: Guid(c02fa03b3a855d647b6b72e665f9e2e3) Importer(815301076,1909f56bfc062723c751e8b465ee728b)
Start importing Assets/Models/Alien_Helmet.fbx using Guid(c02fa03b3a855d647b6b72e665f9e2e3) Importer(815301076,1909f56bfc062723c751e8b465ee728b)  -> (artifact id: 'd8c1256b43c040fce7f1d435a9413cfb') in 0.100033 seconds
  Import took 0.117626 seconds .

========================================================================
Received Import Request.
  Time since last request: 11.799014 seconds.
  path: Assets/Models/Alien_Helmet.fbx
  artifactKey: Guid(c02fa03b3a855d647b6b72e665f9e2e3) Importer(815301076,1909f56bfc062723c751e8b465ee728b)
Start importing Assets/Models/Alien_Helmet.fbx using Guid(c02fa03b3a855d647b6b72e665f9e2e3) Importer(815301076,1909f56bfc062723c751e8b465ee728b)  -> (artifact id: 'df1c738c09ab168be757e846c41f7fdf') in 0.087295 seconds
  Import took 0.096378 seconds .

========================================================================
Received Import Request.
  Time since last request: 14.547856 seconds.
  path: Assets/Models/Alien_Helmet.fbx
  artifactKey: Guid(c02fa03b3a855d647b6b72e665f9e2e3) Importer(815301076,1909f56bfc062723c751e8b465ee728b)
Start importing Assets/Models/Alien_Helmet.fbx using Guid(c02fa03b3a855d647b6b72e665f9e2e3) Importer(815301076,1909f56bfc062723c751e8b465ee728b)  -> (artifact id: 'c8ae479e91c522498973aa979507c1d5') in 0.087674 seconds
  Import took 0.092706 seconds .

========================================================================
Received Import Request.
  Time since last request: 9.978342 seconds.
  path: Assets/Animations/AnimController_Robot.controller
  artifactKey: Guid(e9a121c496d3eb14ba82ab92ed1ab68b) Importer(815301076,1909f56bfc062723c751e8b465ee728b)
Start importing Assets/Animations/AnimController_Robot.controller using Guid(e9a121c496d3eb14ba82ab92ed1ab68b) Importer(815301076,1909f56bfc062723c751e8b465ee728b)  -> (artifact id: '8b46d008475121b929abb48c5e533102') in 0.010564 seconds
  Import took 0.015041 seconds .

========================================================================
Received Import Request.
  Time since last request: 0.304779 seconds.
  path: Assets/Animations/AnimController_Robot 1.controller
  artifactKey: Guid(a642c90760fa80440871bd1353daa83a) Importer(815301076,1909f56bfc062723c751e8b465ee728b)
Start importing Assets/Animations/AnimController_Robot 1.controller using Guid(a642c90760fa80440871bd1353daa83a) Importer(815301076,1909f56bfc062723c751e8b465ee728b)  -> (artifact id: '43dae19fb210231c9689595493407d76') in 0.006909 seconds
  Import took 0.035276 seconds .

========================================================================
Received Import Request.
  Time since last request: 6.935575 seconds.
  path: Assets/Animations/AnimController_Alien.controller
  artifactKey: Guid(a642c90760fa80440871bd1353daa83a) Importer(815301076,1909f56bfc062723c751e8b465ee728b)
Start importing Assets/Animations/AnimController_Alien.controller using Guid(a642c90760fa80440871bd1353daa83a) Importer(815301076,1909f56bfc062723c751e8b465ee728b)  -> (artifact id: 'e936fbdeb4d586937e6377f59c8a9709') in 0.007374 seconds
  Import took 0.020029 seconds .

========================================================================
Received Import Request.
  Time since last request: 57.173120 seconds.
  path: Assets/Animations/AnimController_Alien.controller
  artifactKey: Guid(a642c90760fa80440871bd1353daa83a) Importer(815301076,1909f56bfc062723c751e8b465ee728b)
Start importing Assets/Animations/AnimController_Alien.controller using Guid(a642c90760fa80440871bd1353daa83a) Importer(815301076,1909f56bfc062723c751e8b465ee728b)  -> (artifact id: '1ecca2987b5d854654a09365e0e485be') in 0.007299 seconds
  Import took 0.038317 seconds .

========================================================================
Received Import Request.
  Time since last request: 140.394328 seconds.
  path: Assets/Animations/AnimController_Alien.controller
  artifactKey: Guid(a642c90760fa80440871bd1353daa83a) Importer(815301076,1909f56bfc062723c751e8b465ee728b)
Start importing Assets/Animations/AnimController_Alien.controller using Guid(a642c90760fa80440871bd1353daa83a) Importer(815301076,1909f56bfc062723c751e8b465ee728b)  -> (artifact id: 'fee03ab3a2b3ff331d36bc3839da03e2') in 0.008101 seconds
  Import took 0.034777 seconds .

========================================================================
Received Import Request.
  Time since last request: 1.084500 seconds.
  path: Assets/Animations/AnimController_Robot.controller
  artifactKey: Guid(e9a121c496d3eb14ba82ab92ed1ab68b) Importer(815301076,1909f56bfc062723c751e8b465ee728b)
Start importing Assets/Animations/AnimController_Robot.controller using Guid(e9a121c496d3eb14ba82ab92ed1ab68b) Importer(815301076,1909f56bfc062723c751e8b465ee728b)  -> (artifact id: '8f3020f3190d6c2ab411a4d630246f4e') in 0.007232 seconds
  Import took 0.012391 seconds .

========================================================================
Received Import Request.
  Time since last request: 85.583138 seconds.
  path: Assets/Models/Alien_Helmet.fbx
  artifactKey: Guid(c02fa03b3a855d647b6b72e665f9e2e3) Importer(815301076,1909f56bfc062723c751e8b465ee728b)
Start importing Assets/Models/Alien_Helmet.fbx using Guid(c02fa03b3a855d647b6b72e665f9e2e3) Importer(815301076,1909f56bfc062723c751e8b465ee728b)  -> (artifact id: '4e7b1cffac9d3692c2051af7bd80588c') in 0.114916 seconds
  Import took 0.120957 seconds .

========================================================================
Received Prepare
Registering precompiled user dll's ...
Registered in 0.001773 seconds.
Begin MonoManager ReloadAssembly
Native extension for WindowsStandalone target not found
Native extension for WebGL target not found
Refreshing native plugins compatible for Editor in 0.40 ms, found 0 plugins.
Preloading 0 native plugins for Editor in 0.00 ms.
Invoked RoslynAnalysisRunner static constructor.
RoslynAnalysisRunner will not be running.
RoslynAnalysisRunner has terminated.
Mono: successfully reloaded assembly
- Completed reload, in  1.252 seconds
Platform modules already initialized, skipping
Shader 'Universal Render Pipeline/Particles/Lit': fallback shader 'Universal Render Pipeline/Particles/SimpleLit' not found
Shader 'Universal Render Pipeline/Particles/Lit': fallback shader 'Universal Render Pipeline/Particles/SimpleLit' not found
Refreshing native plugins compatible for Editor in 0.42 ms, found 0 plugins.
Preloading 0 native plugins for Editor in 0.00 ms.
Unloading 2351 Unused Serialized files (Serialized files now loaded: 0)
System memory in use before: 201.8 MB.
System memory in use after: 200.0 MB.

Unloading 39 unused Assets to reduce memory usage. Loaded Objects now: 2935.
Total: 3.990100 ms (FindLiveObjects: 0.363500 ms CreateObjectMapping: 0.182300 ms MarkObjects: 2.249800 ms  DeleteObjects: 1.192200 ms)

========================================================================
Received Import Request.
  Time since last request: 301.569115 seconds.
  path: Assets/Prefabs/Alien.prefab
  artifactKey: Guid(944a255b2cd8532419dba85a60799f6d) Importer(815301076,1909f56bfc062723c751e8b465ee728b)
Start importing Assets/Prefabs/Alien.prefab using Guid(944a255b2cd8532419dba85a60799f6d) Importer(815301076,1909f56bfc062723c751e8b465ee728b)  -> (artifact id: '591e4dc946b86b01fcd9d4f25655731e') in 0.272353 seconds
  Import took 0.299421 seconds .

========================================================================
Received Import Request.
  Time since last request: 16.200168 seconds.
  path: Assets/Animations/AnimController_Alien.controller
  artifactKey: Guid(a642c90760fa80440871bd1353daa83a) Importer(815301076,1909f56bfc062723c751e8b465ee728b)
Start importing Assets/Animations/AnimController_Alien.controller using Guid(a642c90760fa80440871bd1353daa83a) Importer(815301076,1909f56bfc062723c751e8b465ee728b)  -> (artifact id: 'f525f5221b1c0fdce2d40e28b40a2a95') in 0.007125 seconds
  Import took 0.013011 seconds .

========================================================================
Received Prepare
Registering precompiled user dll's ...
Registered in 0.003162 seconds.
Begin MonoManager ReloadAssembly
Native extension for WindowsStandalone target not found
Native extension for WebGL target not found
Refreshing native plugins compatible for Editor in 0.50 ms, found 0 plugins.
Preloading 0 native plugins for Editor in 0.00 ms.
Invoked RoslynAnalysisRunner static constructor.
RoslynAnalysisRunner will not be running.
RoslynAnalysisRunner has terminated.
Mono: successfully reloaded assembly
- Completed reload, in  1.025 seconds
Platform modules already initialized, skipping
Shader 'Universal Render Pipeline/Particles/Lit': fallback shader 'Universal Render Pipeline/Particles/SimpleLit' not found
Shader 'Universal Render Pipeline/Particles/Lit': fallback shader 'Universal Render Pipeline/Particles/SimpleLit' not found
Refreshing native plugins compatible for Editor in 0.39 ms, found 0 plugins.
Preloading 0 native plugins for Editor in 0.00 ms.
Unloading 2351 Unused Serialized files (Serialized files now loaded: 0)
System memory in use before: 202.0 MB.
System memory in use after: 200.2 MB.

Unloading 39 unused Assets to reduce memory usage. Loaded Objects now: 2974.
Total: 3.408500 ms (FindLiveObjects: 0.240200 ms CreateObjectMapping: 0.108300 ms MarkObjects: 1.816600 ms  DeleteObjects: 1.242000 ms)

========================================================================
Received Import Request.
  Time since last request: 65.739853 seconds.
  path: Assets/Models/Alien_Helmet.fbx
  artifactKey: Guid(c02fa03b3a855d647b6b72e665f9e2e3) Importer(815301076,1909f56bfc062723c751e8b465ee728b)
Start importing Assets/Models/Alien_Helmet.fbx using Guid(c02fa03b3a855d647b6b72e665f9e2e3) Importer(815301076,1909f56bfc062723c751e8b465ee728b)  -> (artifact id: 'a72798bbe3b506a54429649628a3d3e0') in 0.287787 seconds
  Import took 0.307365 seconds .

========================================================================
Received Import Request.
  Time since last request: 103.955120 seconds.
  path: Assets/Prefabs/Alien_Helmet.prefab
  artifactKey: Guid(8d131979698c7e541be023d15cf517ae) Importer(815301076,1909f56bfc062723c751e8b465ee728b)
Start importing Assets/Prefabs/Alien_Helmet.prefab using Guid(8d131979698c7e541be023d15cf517ae) Importer(815301076,1909f56bfc062723c751e8b465ee728b)  -> (artifact id: 'aa72512ae1645a6970f1227f1076b742') in 0.024752 seconds
  Import took 0.069359 seconds .

========================================================================
Received Import Request.
  Time since last request: 28.682189 seconds.
  path: Assets/Models/staff.fbx
  artifactKey: Guid(dbe0e74b5f06eb04a9b158e51151a89e) Importer(815301076,1909f56bfc062723c751e8b465ee728b)
Start importing Assets/Models/staff.fbx using Guid(dbe0e74b5f06eb04a9b158e51151a89e) Importer(815301076,1909f56bfc062723c751e8b465ee728b)  -> (artifact id: 'fc675d09300cdf17c0dc66b70a8ca435') in 0.036775 seconds
  Import took 0.047774 seconds .

========================================================================
Received Import Request.
  Time since last request: 13.952884 seconds.
  path: Assets/Models/staff.fbx
  artifactKey: Guid(dbe0e74b5f06eb04a9b158e51151a89e) Importer(815301076,1909f56bfc062723c751e8b465ee728b)
Start importing Assets/Models/staff.fbx using Guid(dbe0e74b5f06eb04a9b158e51151a89e) Importer(815301076,1909f56bfc062723c751e8b465ee728b)  -> (artifact id: 'cc1329a1d26f1cf099e05ecbe6f8cc2a') in 0.030294 seconds
  Import took 0.057021 seconds .

========================================================================
Received Import Request.
  Time since last request: 0.000886 seconds.
  path: Assets/Models/staff.fbx
  artifactKey: Guid(dbe0e74b5f06eb04a9b158e51151a89e) Importer(815301076,1909f56bfc062723c751e8b465ee728b)
Start importing Assets/Models/staff.fbx using Guid(dbe0e74b5f06eb04a9b158e51151a89e) Importer(815301076,1909f56bfc062723c751e8b465ee728b)  -> (artifact id: 'cc1329a1d26f1cf099e05ecbe6f8cc2a') in 0.023585 seconds
  Import took 0.030704 seconds .

========================================================================
Received Import Request.
  Time since last request: 101.118126 seconds.
  path: Assets/Models/staff.fbx
  artifactKey: Guid(dbe0e74b5f06eb04a9b158e51151a89e) Importer(815301076,1909f56bfc062723c751e8b465ee728b)
Start importing Assets/Models/staff.fbx using Guid(dbe0e74b5f06eb04a9b158e51151a89e) Importer(815301076,1909f56bfc062723c751e8b465ee728b)  -> (artifact id: '7babc0a6d35182e234190ce205c3715f') in 0.055042 seconds
  Import took 0.078796 seconds .

========================================================================
Received Import Request.
  Time since last request: 7.850313 seconds.
  path: Assets/Models/staff.fbx
  artifactKey: Guid(dbe0e74b5f06eb04a9b158e51151a89e) Importer(815301076,1909f56bfc062723c751e8b465ee728b)
Start importing Assets/Models/staff.fbx using Guid(dbe0e74b5f06eb04a9b158e51151a89e) Importer(815301076,1909f56bfc062723c751e8b465ee728b)  -> (artifact id: '8a71ddf3fe159f6cdad582c865a42aba') in 0.032922 seconds
  Import took 0.037809 seconds .

========================================================================
Received Import Request.
  Time since last request: 0.006152 seconds.
  path: Assets/Models/staff.fbx
  artifactKey: Guid(dbe0e74b5f06eb04a9b158e51151a89e) Importer(815301076,1909f56bfc062723c751e8b465ee728b)
Start importing Assets/Models/staff.fbx using Guid(dbe0e74b5f06eb04a9b158e51151a89e) Importer(815301076,1909f56bfc062723c751e8b465ee728b)  -> (artifact id: '8a71ddf3fe159f6cdad582c865a42aba') in 0.031908 seconds
  Import took 0.037751 seconds .

========================================================================
Received Import Request.
  Time since last request: 81.132553 seconds.
  path: Assets/Models/Alien.fbx
  artifactKey: Guid(ca17a4349b9b6e747a9a0e6f2f1af3ba) Importer(815301076,1909f56bfc062723c751e8b465ee728b)
Start importing Assets/Models/Alien.fbx using Guid(ca17a4349b9b6e747a9a0e6f2f1af3ba) Importer(815301076,1909f56bfc062723c751e8b465ee728b)  -> (artifact id: '46d3cd58e6e46d75128ee3164b2bf855') in 0.055435 seconds
  Import took 0.061349 seconds .

========================================================================
Received Import Request.
  Time since last request: 13.920249 seconds.
  path: Assets/Models/staff.fbx
  artifactKey: Guid(dbe0e74b5f06eb04a9b158e51151a89e) Importer(815301076,1909f56bfc062723c751e8b465ee728b)
Start importing Assets/Models/staff.fbx using Guid(dbe0e74b5f06eb04a9b158e51151a89e) Importer(815301076,1909f56bfc062723c751e8b465ee728b)  -> (artifact id: '801fc8813ed297af98c3a43820cdcea2') in 0.029742 seconds
  Import took 0.033959 seconds .

========================================================================
Received Import Request.
  Time since last request: 3.449890 seconds.
  path: Assets/Models/staff.fbx
  artifactKey: Guid(dbe0e74b5f06eb04a9b158e51151a89e) Importer(815301076,1909f56bfc062723c751e8b465ee728b)
Start importing Assets/Models/staff.fbx using Guid(dbe0e74b5f06eb04a9b158e51151a89e) Importer(815301076,1909f56bfc062723c751e8b465ee728b)  -> (artifact id: '95c772958dfe5d218cfb2bd09ad194d4') in 0.031009 seconds
  Import took 0.035316 seconds .

========================================================================
Received Import Request.
  Time since last request: 6.430847 seconds.
  path: Assets/Models/staff.fbx
  artifactKey: Guid(dbe0e74b5f06eb04a9b158e51151a89e) Importer(815301076,1909f56bfc062723c751e8b465ee728b)
Start importing Assets/Models/staff.fbx using Guid(dbe0e74b5f06eb04a9b158e51151a89e) Importer(815301076,1909f56bfc062723c751e8b465ee728b)  -> (artifact id: 'caca4987258cfc6b9b4f13b4975f21db') in 0.024724 seconds
  Import took 0.029470 seconds .

========================================================================
Received Import Request.
  Time since last request: 0.006051 seconds.
  path: Assets/Models/staff.fbx
  artifactKey: Guid(dbe0e74b5f06eb04a9b158e51151a89e) Importer(815301076,1909f56bfc062723c751e8b465ee728b)
Start importing Assets/Models/staff.fbx using Guid(dbe0e74b5f06eb04a9b158e51151a89e) Importer(815301076,1909f56bfc062723c751e8b465ee728b)  -> (artifact id: 'caca4987258cfc6b9b4f13b4975f21db') in 0.025927 seconds
  Import took 0.033139 seconds .

========================================================================
Received Import Request.
  Time since last request: 3.636934 seconds.
  path: Assets/Models/staff.fbx
  artifactKey: Guid(dbe0e74b5f06eb04a9b158e51151a89e) Importer(815301076,1909f56bfc062723c751e8b465ee728b)
Start importing Assets/Models/staff.fbx using Guid(dbe0e74b5f06eb04a9b158e51151a89e) Importer(815301076,1909f56bfc062723c751e8b465ee728b)  -> (artifact id: 'e6e3b57c2cba26b4c51cfaf736d44e66') in 0.034296 seconds
  Import took 0.039212 seconds .

========================================================================
Received Import Request.
  Time since last request: 19.483299 seconds.
  path: Assets/Prefabs/Alien_Helmet.prefab
  artifactKey: Guid(8d131979698c7e541be023d15cf517ae) Importer(815301076,1909f56bfc062723c751e8b465ee728b)
Start importing Assets/Prefabs/Alien_Helmet.prefab using Guid(8d131979698c7e541be023d15cf517ae) Importer(815301076,1909f56bfc062723c751e8b465ee728b)  -> (artifact id: '85aba331650baa3942fc6e10c6a7c0db') in 0.062721 seconds
  Import took 0.069091 seconds .

========================================================================
Received Prepare
Registering precompiled user dll's ...
Registered in 0.001793 seconds.
Begin MonoManager ReloadAssembly
Native extension for WindowsStandalone target not found
Native extension for WebGL target not found
Refreshing native plugins compatible for Editor in 0.37 ms, found 0 plugins.
Preloading 0 native plugins for Editor in 0.00 ms.
Invoked RoslynAnalysisRunner static constructor.
RoslynAnalysisRunner will not be running.
RoslynAnalysisRunner has terminated.
Mono: successfully reloaded assembly
- Completed reload, in  1.148 seconds
Platform modules already initialized, skipping
Shader 'Universal Render Pipeline/Particles/Lit': fallback shader 'Universal Render Pipeline/Particles/SimpleLit' not found
Shader 'Universal Render Pipeline/Particles/Lit': fallback shader 'Universal Render Pipeline/Particles/SimpleLit' not found
Refreshing native plugins compatible for Editor in 0.37 ms, found 0 plugins.
Preloading 0 native plugins for Editor in 0.00 ms.
Unloading 2351 Unused Serialized files (Serialized files now loaded: 0)
System memory in use before: 202.1 MB.
System memory in use after: 200.3 MB.

Unloading 39 unused Assets to reduce memory usage. Loaded Objects now: 3013.
Total: 4.559800 ms (FindLiveObjects: 0.390500 ms CreateObjectMapping: 0.176100 ms MarkObjects: 2.568700 ms  DeleteObjects: 1.423100 ms)

========================================================================
Received Prepare
Registering precompiled user dll's ...
Registered in 0.001804 seconds.
Begin MonoManager ReloadAssembly
Native extension for WindowsStandalone target not found
Native extension for WebGL target not found
Refreshing native plugins compatible for Editor in 0.43 ms, found 0 plugins.
Preloading 0 native plugins for Editor in 0.00 ms.
Invoked RoslynAnalysisRunner static constructor.
RoslynAnalysisRunner will not be running.
RoslynAnalysisRunner has terminated.
Mono: successfully reloaded assembly
- Completed reload, in  1.040 seconds
Platform modules already initialized, skipping
Shader 'Universal Render Pipeline/Particles/Lit': fallback shader 'Universal Render Pipeline/Particles/SimpleLit' not found
Shader 'Universal Render Pipeline/Particles/Lit': fallback shader 'Universal Render Pipeline/Particles/SimpleLit' not found
Refreshing native plugins compatible for Editor in 0.38 ms, found 0 plugins.
Preloading 0 native plugins for Editor in 0.00 ms.
Unloading 2351 Unused Serialized files (Serialized files now loaded: 0)
System memory in use before: 202.1 MB.
System memory in use after: 200.3 MB.

Unloading 39 unused Assets to reduce memory usage. Loaded Objects now: 3016.
Total: 4.063300 ms (FindLiveObjects: 0.386500 ms CreateObjectMapping: 0.146700 ms MarkObjects: 2.044900 ms  DeleteObjects: 1.483700 ms)

========================================================================
Received Import Request.
  Time since last request: 261.190020 seconds.
  path: Assets/Animations/AnimController_Alien.controller
  artifactKey: Guid(a642c90760fa80440871bd1353daa83a) Importer(815301076,1909f56bfc062723c751e8b465ee728b)
Start importing Assets/Animations/AnimController_Alien.controller using Guid(a642c90760fa80440871bd1353daa83a) Importer(815301076,1909f56bfc062723c751e8b465ee728b)  -> (artifact id: '66ba27e1476e1995917cc9e2d6e17ec1') in 0.021020 seconds
  Import took 0.039796 seconds .

========================================================================
Received Import Request.
  Time since last request: 2.812673 seconds.
  path: Assets/Prefabs/Alien_Helmet.prefab
  artifactKey: Guid(8d131979698c7e541be023d15cf517ae) Importer(815301076,1909f56bfc062723c751e8b465ee728b)
Start importing Assets/Prefabs/Alien_Helmet.prefab using Guid(8d131979698c7e541be023d15cf517ae) Importer(815301076,1909f56bfc062723c751e8b465ee728b)  -> (artifact id: '4d24cf30a1fc830f726fb42f7a49aaa8') in 0.203429 seconds
  Import took 0.208956 seconds .

========================================================================
Received Prepare
Registering precompiled user dll's ...
Registered in 0.002562 seconds.
Begin MonoManager ReloadAssembly
Native extension for WindowsStandalone target not found
Native extension for WebGL target not found
Refreshing native plugins compatible for Editor in 0.74 ms, found 0 plugins.
Preloading 0 native plugins for Editor in 0.00 ms.
Invoked RoslynAnalysisRunner static constructor.
RoslynAnalysisRunner will not be running.
RoslynAnalysisRunner has terminated.
Mono: successfully reloaded assembly
- Completed reload, in  1.153 seconds
Platform modules already initialized, skipping
Shader 'Universal Render Pipeline/Particles/Lit': fallback shader 'Universal Render Pipeline/Particles/SimpleLit' not found
Shader 'Universal Render Pipeline/Particles/Lit': fallback shader 'Universal Render Pipeline/Particles/SimpleLit' not found
Refreshing native plugins compatible for Editor in 0.41 ms, found 0 plugins.
Preloading 0 native plugins for Editor in 0.00 ms.
Unloading 2351 Unused Serialized files (Serialized files now loaded: 0)
System memory in use before: 202.2 MB.
System memory in use after: 200.3 MB.

Unloading 39 unused Assets to reduce memory usage. Loaded Objects now: 3055.
Total: 4.536900 ms (FindLiveObjects: 0.490600 ms CreateObjectMapping: 0.150600 ms MarkObjects: 2.037400 ms  DeleteObjects: 1.854500 ms)

========================================================================
Received Import Request.
  Time since last request: 5.139323 seconds.
  path: Assets/Prefabs/Alien_Helmet.prefab
  artifactKey: Guid(8d131979698c7e541be023d15cf517ae) Importer(815301076,1909f56bfc062723c751e8b465ee728b)
Start importing Assets/Prefabs/Alien_Helmet.prefab using Guid(8d131979698c7e541be023d15cf517ae) Importer(815301076,1909f56bfc062723c751e8b465ee728b)  -> (artifact id: 'd67c1495b7dafd18e189a41f3a78ccd8') in 0.217933 seconds
  Import took 0.244565 seconds .

========================================================================
Received Import Request.
  Time since last request: 0.676896 seconds.
  path: Assets/Prefabs/Alien_Helmet.prefab
  artifactKey: Guid(8d131979698c7e541be023d15cf517ae) Importer(815301076,1909f56bfc062723c751e8b465ee728b)
Start importing Assets/Prefabs/Alien_Helmet.prefab using Guid(8d131979698c7e541be023d15cf517ae) Importer(815301076,1909f56bfc062723c751e8b465ee728b)  -> (artifact id: 'd67c1495b7dafd18e189a41f3a78ccd8') in 0.021559 seconds
  Import took 0.027463 seconds .

========================================================================
Received Import Request.
  Time since last request: 3.845132 seconds.
  path: Assets/Prefabs/Robot.prefab
  artifactKey: Guid(921c5f3be258e604193a19e7c4afec9d) Importer(815301076,1909f56bfc062723c751e8b465ee728b)
Start importing Assets/Prefabs/Robot.prefab using Guid(921c5f3be258e604193a19e7c4afec9d) Importer(815301076,1909f56bfc062723c751e8b465ee728b)  -> (artifact id: 'edeec3925ae1b2fe3b7574c44b30b217') in 0.063075 seconds
  Import took 0.078436 seconds .

========================================================================
Received Prepare
Registering precompiled user dll's ...
Registered in 0.003070 seconds.
Begin MonoManager ReloadAssembly
Native extension for WindowsStandalone target not found
Native extension for WebGL target not found
Refreshing native plugins compatible for Editor in 0.37 ms, found 0 plugins.
Preloading 0 native plugins for Editor in 0.00 ms.
Invoked RoslynAnalysisRunner static constructor.
RoslynAnalysisRunner will not be running.
RoslynAnalysisRunner has terminated.
Mono: successfully reloaded assembly
- Completed reload, in  1.112 seconds
Platform modules already initialized, skipping
Shader 'Universal Render Pipeline/Particles/Lit': fallback shader 'Universal Render Pipeline/Particles/SimpleLit' not found
Shader 'Universal Render Pipeline/Particles/Lit': fallback shader 'Universal Render Pipeline/Particles/SimpleLit' not found
Refreshing native plugins compatible for Editor in 0.38 ms, found 0 plugins.
Preloading 0 native plugins for Editor in 0.00 ms.
Unloading 2351 Unused Serialized files (Serialized files now loaded: 0)
System memory in use before: 202.5 MB.
System memory in use after: 200.6 MB.

Unloading 39 unused Assets to reduce memory usage. Loaded Objects now: 3094.
Total: 6.221800 ms (FindLiveObjects: 0.417500 ms CreateObjectMapping: 0.209300 ms MarkObjects: 2.781100 ms  DeleteObjects: 2.812200 ms)

========================================================================
Received Prepare
Registering precompiled user dll's ...
Registered in 0.001859 seconds.
Begin MonoManager ReloadAssembly
Native extension for WindowsStandalone target not found
Native extension for WebGL target not found
Refreshing native plugins compatible for Editor in 0.42 ms, found 0 plugins.
Preloading 0 native plugins for Editor in 0.00 ms.
Invoked RoslynAnalysisRunner static constructor.
RoslynAnalysisRunner will not be running.
RoslynAnalysisRunner has terminated.
Mono: successfully reloaded assembly
- Completed reload, in  0.996 seconds
Platform modules already initialized, skipping
Shader 'Universal Render Pipeline/Particles/Lit': fallback shader 'Universal Render Pipeline/Particles/SimpleLit' not found
Shader 'Universal Render Pipeline/Particles/Lit': fallback shader 'Universal Render Pipeline/Particles/SimpleLit' not found
Refreshing native plugins compatible for Editor in 0.38 ms, found 0 plugins.
Preloading 0 native plugins for Editor in 0.00 ms.
Unloading 2351 Unused Serialized files (Serialized files now loaded: 0)
System memory in use before: 202.4 MB.
System memory in use after: 200.6 MB.

Unloading 39 unused Assets to reduce memory usage. Loaded Objects now: 3097.
Total: 3.813900 ms (FindLiveObjects: 0.304800 ms CreateObjectMapping: 0.126500 ms MarkObjects: 1.822200 ms  DeleteObjects: 1.558500 ms)

========================================================================
Received Prepare
Registering precompiled user dll's ...
Registered in 0.001788 seconds.
Begin MonoManager ReloadAssembly
Native extension for WindowsStandalone target not found
Native extension for WebGL target not found
Refreshing native plugins compatible for Editor in 0.38 ms, found 0 plugins.
Preloading 0 native plugins for Editor in 0.00 ms.
Invoked RoslynAnalysisRunner static constructor.
RoslynAnalysisRunner will not be running.
RoslynAnalysisRunner has terminated.
Mono: successfully reloaded assembly
- Completed reload, in  1.182 seconds
Platform modules already initialized, skipping
Shader 'Universal Render Pipeline/Particles/Lit': fallback shader 'Universal Render Pipeline/Particles/SimpleLit' not found
Shader 'Universal Render Pipeline/Particles/Lit': fallback shader 'Universal Render Pipeline/Particles/SimpleLit' not found
Refreshing native plugins compatible for Editor in 0.50 ms, found 0 plugins.
Preloading 0 native plugins for Editor in 0.00 ms.
Unloading 2351 Unused Serialized files (Serialized files now loaded: 0)
System memory in use before: 202.4 MB.
System memory in use after: 200.6 MB.

Unloading 39 unused Assets to reduce memory usage. Loaded Objects now: 3100.
Total: 8.260900 ms (FindLiveObjects: 0.661600 ms CreateObjectMapping: 0.433500 ms MarkObjects: 5.704000 ms  DeleteObjects: 1.459800 ms)

========================================================================
Received Prepare
Registering precompiled user dll's ...
Registered in 0.002476 seconds.
Begin MonoManager ReloadAssembly
Native extension for WindowsStandalone target not found
Native extension for WebGL target not found
Refreshing native plugins compatible for Editor in 0.39 ms, found 0 plugins.
Preloading 0 native plugins for Editor in 0.00 ms.
Invoked RoslynAnalysisRunner static constructor.
RoslynAnalysisRunner will not be running.
RoslynAnalysisRunner has terminated.
Mono: successfully reloaded assembly
- Completed reload, in  0.997 seconds
Platform modules already initialized, skipping
Shader 'Universal Render Pipeline/Particles/Lit': fallback shader 'Universal Render Pipeline/Particles/SimpleLit' not found
Shader 'Universal Render Pipeline/Particles/Lit': fallback shader 'Universal Render Pipeline/Particles/SimpleLit' not found
Refreshing native plugins compatible for Editor in 0.38 ms, found 0 plugins.
Preloading 0 native plugins for Editor in 0.00 ms.
Unloading 2351 Unused Serialized files (Serialized files now loaded: 0)
System memory in use before: 202.5 MB.
System memory in use after: 200.6 MB.

Unloading 39 unused Assets to reduce memory usage. Loaded Objects now: 3103.
Total: 4.835900 ms (FindLiveObjects: 0.406900 ms CreateObjectMapping: 0.182500 ms MarkObjects: 2.853500 ms  DeleteObjects: 1.391300 ms)

========================================================================
Received Import Request.
  Time since last request: 215.027776 seconds.
  path: ProjectSettings/TagManager.asset
  artifactKey: Guid(00000000000000003000000000000000) Importer(815301076,1909f56bfc062723c751e8b465ee728b)
Start importing ProjectSettings/TagManager.asset using Guid(00000000000000003000000000000000) Importer(815301076,1909f56bfc062723c751e8b465ee728b)  -> (artifact id: '8143703d3cc54ee573af18e03c4c7688') in 0.018884 seconds
  Import took 0.024872 seconds .

========================================================================
Received Import Request.
  Time since last request: 0.015789 seconds.
  path: ProjectSettings/TagManager.asset
  artifactKey: Guid(00000000000000003000000000000000) Importer(815301076,1909f56bfc062723c751e8b465ee728b)
Start importing ProjectSettings/TagManager.asset using Guid(00000000000000003000000000000000) Importer(815301076,1909f56bfc062723c751e8b465ee728b)  -> (artifact id: '8143703d3cc54ee573af18e03c4c7688') in 0.003481 seconds
  Import took 0.007970 seconds .

========================================================================
Received Import Request.
  Time since last request: 163.675891 seconds.
  path: Assets/Prefabs/Alien_Helmet.prefab
  artifactKey: Guid(8d131979698c7e541be023d15cf517ae) Importer(815301076,1909f56bfc062723c751e8b465ee728b)
Start importing Assets/Prefabs/Alien_Helmet.prefab using Guid(8d131979698c7e541be023d15cf517ae) Importer(815301076,1909f56bfc062723c751e8b465ee728b)  -> (artifact id: '611d70d36551c4dd431f61a94994f9e5') in 0.221985 seconds
  Import took 0.230402 seconds .

========================================================================
Received Prepare
Registering precompiled user dll's ...
Registered in 0.002560 seconds.
Begin MonoManager ReloadAssembly
Native extension for WindowsStandalone target not found
Native extension for WebGL target not found
Refreshing native plugins compatible for Editor in 0.44 ms, found 0 plugins.
Preloading 0 native plugins for Editor in 0.00 ms.
Invoked RoslynAnalysisRunner static constructor.
RoslynAnalysisRunner will not be running.
RoslynAnalysisRunner has terminated.
Mono: successfully reloaded assembly
- Completed reload, in  1.114 seconds
Platform modules already initialized, skipping
Shader 'Universal Render Pipeline/Particles/Lit': fallback shader 'Universal Render Pipeline/Particles/SimpleLit' not found
Shader 'Universal Render Pipeline/Particles/Lit': fallback shader 'Universal Render Pipeline/Particles/SimpleLit' not found
Refreshing native plugins compatible for Editor in 0.39 ms, found 0 plugins.
Preloading 0 native plugins for Editor in 0.00 ms.
Unloading 2351 Unused Serialized files (Serialized files now loaded: 0)
System memory in use before: 202.5 MB.
System memory in use after: 200.6 MB.

Unloading 41 unused Assets to reduce memory usage. Loaded Objects now: 3142.
Total: 4.812100 ms (FindLiveObjects: 0.454100 ms CreateObjectMapping: 0.195900 ms MarkObjects: 2.201600 ms  DeleteObjects: 1.958700 ms)

========================================================================
Received Import Request.
  Time since last request: 7.016100 seconds.
  path: Assets/Prefabs/RedHealthCanvas.prefab
  artifactKey: Guid(adf21bafa30bb4047859b448c2842374) Importer(815301076,1909f56bfc062723c751e8b465ee728b)
Start importing Assets/Prefabs/RedHealthCanvas.prefab using Guid(adf21bafa30bb4047859b448c2842374) Importer(815301076,1909f56bfc062723c751e8b465ee728b)  -> (artifact id: '240ec6d82a0c9bf0777f6aa0943411a5') in 0.038037 seconds
  Import took 0.064209 seconds .

========================================================================
Received Import Request.
  Time since last request: 0.000371 seconds.
  path: Assets/Prefabs/Robot.prefab
  artifactKey: Guid(921c5f3be258e604193a19e7c4afec9d) Importer(815301076,1909f56bfc062723c751e8b465ee728b)
Start importing Assets/Prefabs/Robot.prefab using Guid(921c5f3be258e604193a19e7c4afec9d) Importer(815301076,1909f56bfc062723c751e8b465ee728b)  -> (artifact id: '501a6897040847a73e1487364863be3e') in 0.232326 seconds
  Import took 0.236762 seconds .

